

Microchip MPLAB XC8 Assembler V2.32 build 20210201212658 
                                                                                               Sun Aug 22 22:41:13 2021

Microchip MPLAB XC8 C Compiler v2.32 (Free license) build 20210201212658 Og1 
     1                           	processor	18F4520
     2                           	fnconf	rparam,??,?,0
     3                           	pagewidth 120
     4                           	opt	flic
     5                           	psect	idataCOMRAM,global,class=CODE,delta=1,noexec
     6                           	psect	cinit,global,reloc=2,class=CODE,delta=1
     7                           	psect	bssCOMRAM,global,class=COMRAM,space=1,delta=1,lowdata,noexec
     8                           	psect	dataCOMRAM,global,class=COMRAM,space=1,delta=1,lowdata,noexec
     9                           	psect	cstackCOMRAM,global,class=COMRAM,space=1,delta=1,lowdata,noexec
    10                           	psect	text0,global,reloc=2,class=CODE,delta=1
    11                           	psect	intsave_regs,global,class=BIGRAM,space=1,delta=1,noexec
    12                           	psect	rparam,global,class=COMRAM,space=1,delta=1,noexec
    13                           	psect	idloc,global,abs,ovrld,class=IDLOC,space=5,delta=1,noexec
    14                           	psect	config,global,abs,ovrld,class=CONFIG,space=4,delta=1,noexec
    15  0000                     
    16                           ; Version 2.20
    17                           ; Generated 12/02/2020 GMT
    18                           ; 
    19                           ; Copyright © 2020, Microchip Technology Inc. and its subsidiaries ("Microchip")
    20                           ; All rights reserved.
    21                           ; 
    22                           ; This software is developed by Microchip Technology Inc. and its subsidiaries ("Microch
      +                          ip").
    23                           ; 
    24                           ; Redistribution and use in source and binary forms, with or without modification, are
    25                           ; permitted provided that the following conditions are met:
    26                           ; 
    27                           ;     1. Redistributions of source code must retain the above copyright notice, this lis
      +                          t of
    28                           ;        conditions and the following disclaimer.
    29                           ; 
    30                           ;     2. Redistributions in binary form must reproduce the above copyright notice, this 
      +                          list
    31                           ;        of conditions and the following disclaimer in the documentation and/or other
    32                           ;        materials provided with the distribution.
    33                           ; 
    34                           ;     3. Microchip's name may not be used to endorse or promote products derived from th
      +                          is
    35                           ;        software without specific prior written permission.
    36                           ; 
    37                           ; THIS SOFTWARE IS PROVIDED BY MICROCHIP "AS IS" AND ANY EXPRESS OR IMPLIED WARRANTIES,
    38                           ; INCLUDING, BUT NOT LIMITED TO, THE IMPLIED WARRANTIES OF MERCHANTABILITY AND FITNESS F
      +                          OR
    39                           ; PURPOSE ARE DISCLAIMED.  IN NO EVENT SHALL MICROCHIP BE LIABLE FOR ANY DIRECT, INDIREC
      +                          T,
    40                           ; INCIDENTAL, SPECIAL, EXEMPLARY, OR CONSEQUENTIAL DAMAGES (INCLUDING BUT NOT LIMITED TO
    41                           ; PROCUREMENT OF SUBSTITUTE GOODS OR SERVICES; LOSS OF USE, DATA OR PROFITS; OR BUSINESS
    42                           ; INTERRUPTION) HOWSOEVER CAUSED AND ON ANY THEORY OF LIABILITY, WHETHER IN CONTRACT, ST
      +                          RICT
    43                           ; LIABILITY, OR TORT (INCLUDING NEGLIGENCE OR OTHERWISE) ARISING IN ANY WAY OUT OF THE U
      +                          SE OF
    44                           ; THIS SOFTWARE, EVEN IF ADVISED OF THE POSSIBILITY OF SUCH DAMAGE.
    45                           ; 
    46                           ; 
    47                           ; Code-generator required, PIC18F4520 Definitions
    48                           ; 
    49                           ; SFR Addresses
    50  0000                     
    51                           	psect	idataCOMRAM
    52  007F12                     __pidataCOMRAM:
    53                           	callstack 0
    54                           
    55                           ;initializer for _so
    56  007F12  003F               	dw	63
    57  007F14  0006               	dw	6
    58  007F16  005B               	dw	91
    59  007F18  004F               	dw	79
    60  007F1A  0066               	dw	102
    61  007F1C  006D               	dw	109
    62  007F1E  007D               	dw	125
    63  007F20  0007               	dw	7
    64  007F22  007F               	dw	127
    65  007F24  006F               	dw	111
    66  0000                     _PORTCbits	set	3970
    67  0000                     _TRISC	set	3988
    68  0000                     _PORTB	set	3969
    69  0000                     _TRISB	set	3987
    70                           
    71                           ; #config settings
    72                           
    73                           	psect	cinit
    74  007F26                     __pcinit:
    75                           	callstack 0
    76  007F26                     start_initialization:
    77                           	callstack 0
    78  007F26                     __initialization:
    79                           	callstack 0
    80                           
    81                           ; Initialize objects allocated to COMRAM (20 bytes)
    82                           ; load TBLPTR registers with __pidataCOMRAM
    83  007F26  0E12               	movlw	low __pidataCOMRAM
    84  007F28  6EF6               	movwf	tblptrl,c
    85  007F2A  0E7F               	movlw	high __pidataCOMRAM
    86  007F2C  6EF7               	movwf	tblptrh,c
    87  007F2E  0E00               	movlw	low (__pidataCOMRAM shr (0+16))
    88  007F30  6EF8               	movwf	tblptru,c
    89  007F32  EE00  F001         	lfsr	0,__pdataCOMRAM
    90  007F36  EE10 F014          	lfsr	1,20
    91  007F3A                     copy_data0:
    92  007F3A  0009               	tblrd		*+
    93  007F3C  CFF5 FFEE          	movff	tablat,postinc0
    94  007F40  50E5               	movf	postdec1,w,c
    95  007F42  50E1               	movf	fsr1l,w,c
    96  007F44  E1FA               	bnz	copy_data0
    97                           
    98                           ; Clear objects allocated to COMRAM (6 bytes)
    99  007F46  6A1A               	clrf	(__pbssCOMRAM+5)& (0+255),c
   100  007F48  6A19               	clrf	(__pbssCOMRAM+4)& (0+255),c
   101  007F4A  6A18               	clrf	(__pbssCOMRAM+3)& (0+255),c
   102  007F4C  6A17               	clrf	(__pbssCOMRAM+2)& (0+255),c
   103  007F4E  6A16               	clrf	(__pbssCOMRAM+1)& (0+255),c
   104  007F50  6A15               	clrf	__pbssCOMRAM& (0+255),c
   105  007F52                     end_of_initialization:
   106                           	callstack 0
   107  007F52                     __end_of__initialization:
   108                           	callstack 0
   109  007F52  0100               	movlb	0
   110  007F54  EFAC  F03F         	goto	_main	;jump to C main() function
   111                           
   112                           	psect	bssCOMRAM
   113  000015                     __pbssCOMRAM:
   114                           	callstack 0
   115  000015                     _u32TempFrequency:
   116                           	callstack 0
   117  000015                     	ds	4
   118  000019                     _state:
   119                           	callstack 0
   120  000019                     	ds	2
   121                           
   122                           	psect	dataCOMRAM
   123  000001                     __pdataCOMRAM:
   124                           	callstack 0
   125  000001                     _so:
   126                           	callstack 0
   127  000001                     	ds	20
   128                           
   129                           	psect	cstackCOMRAM
   130  00001B                     __pcstackCOMRAM:
   131                           	callstack 0
   132  00001B                     main@n:
   133                           	callstack 0
   134                           
   135                           ; 2 bytes @ 0x0
   136  00001B                     	ds	2
   137                           
   138 ;;
   139 ;;Main: autosize = 0, tempsize = 0, incstack = 0, save=0
   140 ;;
   141 ;; *************** function _main *****************
   142 ;; Defined at:
   143 ;;		line 92 in file "newmain.c"
   144 ;; Parameters:    Size  Location     Type
   145 ;;		None
   146 ;; Auto vars:     Size  Location     Type
   147 ;;  n               2    0[COMRAM] int 
   148 ;; Return value:  Size  Location     Type
   149 ;;                  1    wreg      void 
   150 ;; Registers used:
   151 ;;		wreg, fsr2l, fsr2h, status,2, status,0
   152 ;; Tracked objects:
   153 ;;		On entry : 0/0
   154 ;;		On exit  : 0/0
   155 ;;		Unchanged: 0/0
   156 ;; Data sizes:     COMRAM   BANK0   BANK1   BANK2   BANK3   BANK4   BANK5
   157 ;;      Params:         0       0       0       0       0       0       0
   158 ;;      Locals:         2       0       0       0       0       0       0
   159 ;;      Temps:          0       0       0       0       0       0       0
   160 ;;      Totals:         2       0       0       0       0       0       0
   161 ;;Total ram usage:        2 bytes
   162 ;; This function calls:
   163 ;;		Nothing
   164 ;; This function is called by:
   165 ;;		Startup code after reset
   166 ;; This function uses a non-reentrant model
   167 ;;
   168                           
   169                           	psect	text0
   170  007F58                     __ptext0:
   171                           	callstack 0
   172  007F58                     _main:
   173                           	callstack 31
   174  007F58                     
   175                           ;newmain.c: 93:     TRISB = 0;
   176  007F58  0E00               	movlw	0
   177  007F5A  6E93               	movwf	147,c	;volatile
   178  007F5C                     
   179                           ;newmain.c: 94:     PORTB = so[0];
   180  007F5C  C001  FF81         	movff	_so,3969	;volatile
   181  007F60                     
   182                           ;newmain.c: 95:     TRISC = 0xff;
   183  007F60  6894               	setf	148,c	;volatile
   184                           
   185                           ;newmain.c: 96:     int n=4;
   186  007F62  0E00               	movlw	0
   187  007F64  6E1C               	movwf	(main@n+1)^0,c
   188  007F66  0E04               	movlw	4
   189  007F68  6E1B               	movwf	main@n^0,c
   190  007F6A                     l714:
   191                           
   192                           ;newmain.c: 98:     {;newmain.c: 99:         if(PORTCbits.RC0 == 0)
   193  007F6A  B082               	btfsc	130,0,c	;volatile
   194  007F6C  EFBA  F03F         	goto	u11
   195  007F70  EFBC  F03F         	goto	u10
   196  007F74                     u11:
   197  007F74  EFD3  F03F         	goto	l722
   198  007F78                     u10:
   199  007F78                     
   200                           ;newmain.c: 100:         {;newmain.c: 101:             n++;
   201  007F78  4A1B               	infsnz	main@n^0,f,c
   202  007F7A  2A1C               	incf	(main@n+1)^0,f,c
   203  007F7C                     l21:
   204  007F7C  A082               	btfss	130,0,c	;volatile
   205  007F7E  EFC3  F03F         	goto	u21
   206  007F82  EFC5  F03F         	goto	u20
   207  007F86                     u21:
   208  007F86  EFBE  F03F         	goto	l21
   209  007F8A                     u20:
   210  007F8A                     
   211                           ;newmain.c: 103:             if(n==10) n=0;
   212  007F8A  0E0A               	movlw	10
   213  007F8C  181B               	xorwf	main@n^0,w,c
   214  007F8E  101C               	iorwf	(main@n+1)^0,w,c
   215  007F90  A4D8               	btfss	status,2,c
   216  007F92  EFCD  F03F         	goto	u31
   217  007F96  EFCF  F03F         	goto	u30
   218  007F9A                     u31:
   219  007F9A  EFD3  F03F         	goto	l722
   220  007F9E                     u30:
   221  007F9E  0E00               	movlw	0
   222  007FA0  6E1C               	movwf	(main@n+1)^0,c
   223  007FA2  0E00               	movlw	0
   224  007FA4  6E1B               	movwf	main@n^0,c
   225  007FA6                     l722:
   226                           
   227                           ;newmain.c: 105:         if(PORTCbits.RC1 == 0)
   228  007FA6  B282               	btfsc	130,1,c	;volatile
   229  007FA8  EFD8  F03F         	goto	u41
   230  007FAC  EFDA  F03F         	goto	u40
   231  007FB0                     u41:
   232  007FB0  EFF1  F03F         	goto	l730
   233  007FB4                     u40:
   234  007FB4                     
   235                           ;newmain.c: 106:         {;newmain.c: 107:             if(n==0) n=10;
   236  007FB4  501B               	movf	main@n^0,w,c
   237  007FB6  101C               	iorwf	(main@n+1)^0,w,c
   238  007FB8  A4D8               	btfss	status,2,c
   239  007FBA  EFE1  F03F         	goto	u51
   240  007FBE  EFE3  F03F         	goto	u50
   241  007FC2                     u51:
   242  007FC2  EFE7  F03F         	goto	l728
   243  007FC6                     u50:
   244  007FC6  0E00               	movlw	0
   245  007FC8  6E1C               	movwf	(main@n+1)^0,c
   246  007FCA  0E0A               	movlw	10
   247  007FCC  6E1B               	movwf	main@n^0,c
   248  007FCE                     l728:
   249                           
   250                           ;newmain.c: 108:             n--;
   251  007FCE  061B               	decf	main@n^0,f,c
   252  007FD0  A0D8               	btfss	status,0,c
   253  007FD2  061C               	decf	(main@n+1)^0,f,c
   254  007FD4                     l27:
   255  007FD4  A282               	btfss	130,1,c	;volatile
   256  007FD6  EFEF  F03F         	goto	u61
   257  007FDA  EFF1  F03F         	goto	u60
   258  007FDE                     u61:
   259  007FDE  EFEA  F03F         	goto	l27
   260  007FE2                     u60:
   261  007FE2                     l730:
   262                           
   263                           ;newmain.c: 111:         PORTB = so[n];
   264  007FE2  90D8               	bcf	status,0,c
   265  007FE4  341B               	rlcf	main@n^0,w,c
   266  007FE6  6ED9               	movwf	fsr2l,c
   267  007FE8  341C               	rlcf	(main@n+1)^0,w,c
   268  007FEA  6EDA               	movwf	fsr2h,c
   269  007FEC  0E01               	movlw	low _so
   270  007FEE  26D9               	addwf	fsr2l,f,c
   271  007FF0  0E00               	movlw	high _so
   272  007FF2  22DA               	addwfc	fsr2h,f,c
   273  007FF4  50DF               	movf	indf2,w,c
   274  007FF6  6E81               	movwf	129,c	;volatile
   275  007FF8  EFB5  F03F         	goto	l714
   276  007FFC  EF00  F000         	goto	start
   277  008000                     __end_of_main:
   278                           	callstack 0
   279  0000                     
   280                           	psect	rparam
   281  0000                     
   282                           	psect	idloc
   283                           
   284                           ;Config register IDLOC0 @ 0x200000
   285                           ;	unspecified, using default values
   286  200000                     	org	2097152
   287  200000  FF                 	db	255
   288                           
   289                           ;Config register IDLOC1 @ 0x200001
   290                           ;	unspecified, using default values
   291  200001                     	org	2097153
   292  200001  FF                 	db	255
   293                           
   294                           ;Config register IDLOC2 @ 0x200002
   295                           ;	unspecified, using default values
   296  200002                     	org	2097154
   297  200002  FF                 	db	255
   298                           
   299                           ;Config register IDLOC3 @ 0x200003
   300                           ;	unspecified, using default values
   301  200003                     	org	2097155
   302  200003  FF                 	db	255
   303                           
   304                           ;Config register IDLOC4 @ 0x200004
   305                           ;	unspecified, using default values
   306  200004                     	org	2097156
   307  200004  FF                 	db	255
   308                           
   309                           ;Config register IDLOC5 @ 0x200005
   310                           ;	unspecified, using default values
   311  200005                     	org	2097157
   312  200005  FF                 	db	255
   313                           
   314                           ;Config register IDLOC6 @ 0x200006
   315                           ;	unspecified, using default values
   316  200006                     	org	2097158
   317  200006  FF                 	db	255
   318                           
   319                           ;Config register IDLOC7 @ 0x200007
   320                           ;	unspecified, using default values
   321  200007                     	org	2097159
   322  200007  FF                 	db	255
   323                           
   324                           	psect	config
   325                           
   326                           ; Padding undefined space
   327  300000                     	org	3145728
   328  300000  FF                 	db	255
   329                           
   330                           ;Config register CONFIG1H @ 0x300001
   331                           ;	Oscillator Selection bits
   332                           ;	OSC = RCIO6, External RC oscillator, port function on RA6
   333                           ;	Fail-Safe Clock Monitor Enable bit
   334                           ;	FCMEN = OFF, Fail-Safe Clock Monitor disabled
   335                           ;	Internal/External Oscillator Switchover bit
   336                           ;	IESO = OFF, Oscillator Switchover mode disabled
   337  300001                     	org	3145729
   338  300001  07                 	db	7
   339                           
   340                           ;Config register CONFIG2L @ 0x300002
   341                           ;	Power-up Timer Enable bit
   342                           ;	PWRT = OFF, PWRT disabled
   343                           ;	Brown-out Reset Enable bits
   344                           ;	BOREN = SBORDIS, Brown-out Reset enabled in hardware only (SBOREN is disabled)
   345                           ;	Brown Out Reset Voltage bits
   346                           ;	BORV = 3, Minimum setting
   347  300002                     	org	3145730
   348  300002  1F                 	db	31
   349                           
   350                           ;Config register CONFIG2H @ 0x300003
   351                           ;	Watchdog Timer Enable bit
   352                           ;	WDT = OFF, WDT disabled (control is placed on the SWDTEN bit)
   353                           ;	Watchdog Timer Postscale Select bits
   354                           ;	WDTPS = 32768, 1:32768
   355  300003                     	org	3145731
   356  300003  1E                 	db	30
   357                           
   358                           ; Padding undefined space
   359  300004                     	org	3145732
   360  300004  FF                 	db	255
   361                           
   362                           ;Config register CONFIG3H @ 0x300005
   363                           ;	CCP2 MUX bit
   364                           ;	CCP2MX = PORTC, CCP2 input/output is multiplexed with RC1
   365                           ;	PORTB A/D Enable bit
   366                           ;	PBADEN = OFF, PORTB<4:0> pins are configured as digital I/O on Reset
   367                           ;	Low-Power Timer1 Oscillator Enable bit
   368                           ;	LPT1OSC = OFF, Timer1 configured for higher power operation
   369                           ;	MCLR Pin Enable bit
   370                           ;	MCLRE = OFF, RE3 input pin enabled; MCLR disabled
   371  300005                     	org	3145733
   372  300005  01                 	db	1
   373                           
   374                           ;Config register CONFIG4L @ 0x300006
   375                           ;	Stack Full/Underflow Reset Enable bit
   376                           ;	STVREN = OFF, Stack full/underflow will not cause Reset
   377                           ;	Single-Supply ICSP Enable bit
   378                           ;	LVP = OFF, Single-Supply ICSP disabled
   379                           ;	Extended Instruction Set Enable bit
   380                           ;	XINST = OFF, Instruction set extension and Indexed Addressing mode disabled (Legacy mo
      +                          de)
   381                           ;	Background Debugger Enable bit
   382                           ;	DEBUG = 0x1, unprogrammed default
   383  300006                     	org	3145734
   384  300006  80                 	db	128
   385                           
   386                           ; Padding undefined space
   387  300007                     	org	3145735
   388  300007  FF                 	db	255
   389                           
   390                           ;Config register CONFIG5L @ 0x300008
   391                           ;	Code Protection bit
   392                           ;	CP0 = OFF, Block 0 (000800-001FFFh) not code-protected
   393                           ;	Code Protection bit
   394                           ;	CP1 = OFF, Block 1 (002000-003FFFh) not code-protected
   395                           ;	Code Protection bit
   396                           ;	CP2 = OFF, Block 2 (004000-005FFFh) not code-protected
   397                           ;	Code Protection bit
   398                           ;	CP3 = OFF, Block 3 (006000-007FFFh) not code-protected
   399  300008                     	org	3145736
   400  300008  0F                 	db	15
   401                           
   402                           ;Config register CONFIG5H @ 0x300009
   403                           ;	Boot Block Code Protection bit
   404                           ;	CPB = OFF, Boot block (000000-0007FFh) not code-protected
   405                           ;	Data EEPROM Code Protection bit
   406                           ;	CPD = OFF, Data EEPROM not code-protected
   407  300009                     	org	3145737
   408  300009  C0                 	db	192
   409                           
   410                           ;Config register CONFIG6L @ 0x30000A
   411                           ;	Write Protection bit
   412                           ;	WRT0 = OFF, Block 0 (000800-001FFFh) not write-protected
   413                           ;	Write Protection bit
   414                           ;	WRT1 = OFF, Block 1 (002000-003FFFh) not write-protected
   415                           ;	Write Protection bit
   416                           ;	WRT2 = OFF, Block 2 (004000-005FFFh) not write-protected
   417                           ;	Write Protection bit
   418                           ;	WRT3 = OFF, Block 3 (006000-007FFFh) not write-protected
   419  30000A                     	org	3145738
   420  30000A  0F                 	db	15
   421                           
   422                           ;Config register CONFIG6H @ 0x30000B
   423                           ;	Configuration Register Write Protection bit
   424                           ;	WRTC = OFF, Configuration registers (300000-3000FFh) not write-protected
   425                           ;	Boot Block Write Protection bit
   426                           ;	WRTB = OFF, Boot block (000000-0007FFh) not write-protected
   427                           ;	Data EEPROM Write Protection bit
   428                           ;	WRTD = OFF, Data EEPROM not write-protected
   429  30000B                     	org	3145739
   430  30000B  E0                 	db	224
   431                           
   432                           ;Config register CONFIG7L @ 0x30000C
   433                           ;	Table Read Protection bit
   434                           ;	EBTR0 = OFF, Block 0 (000800-001FFFh) not protected from table reads executed in other
      +                           blocks
   435                           ;	Table Read Protection bit
   436                           ;	EBTR1 = OFF, Block 1 (002000-003FFFh) not protected from table reads executed in other
      +                           blocks
   437                           ;	Table Read Protection bit
   438                           ;	EBTR2 = OFF, Block 2 (004000-005FFFh) not protected from table reads executed in other
      +                           blocks
   439                           ;	Table Read Protection bit
   440                           ;	EBTR3 = OFF, Block 3 (006000-007FFFh) not protected from table reads executed in other
      +                           blocks
   441  30000C                     	org	3145740
   442  30000C  0F                 	db	15
   443                           
   444                           ;Config register CONFIG7H @ 0x30000D
   445                           ;	Boot Block Table Read Protection bit
   446                           ;	EBTRB = OFF, Boot block (000000-0007FFh) not protected from table reads executed in ot
      +                          her blocks
   447  30000D                     	org	3145741
   448  30000D  40                 	db	64
   449                           tosu	equ	0xFFF
   450                           tosh	equ	0xFFE
   451                           tosl	equ	0xFFD
   452                           stkptr	equ	0xFFC
   453                           pclatu	equ	0xFFB
   454                           pclath	equ	0xFFA
   455                           pcl	equ	0xFF9
   456                           tblptru	equ	0xFF8
   457                           tblptrh	equ	0xFF7
   458                           tblptrl	equ	0xFF6
   459                           tablat	equ	0xFF5
   460                           prodh	equ	0xFF4
   461                           prodl	equ	0xFF3
   462                           indf0	equ	0xFEF
   463                           postinc0	equ	0xFEE
   464                           postdec0	equ	0xFED
   465                           preinc0	equ	0xFEC
   466                           plusw0	equ	0xFEB
   467                           fsr0h	equ	0xFEA
   468                           fsr0l	equ	0xFE9
   469                           wreg	equ	0xFE8
   470                           indf1	equ	0xFE7
   471                           postinc1	equ	0xFE6
   472                           postdec1	equ	0xFE5
   473                           preinc1	equ	0xFE4
   474                           plusw1	equ	0xFE3
   475                           fsr1h	equ	0xFE2
   476                           fsr1l	equ	0xFE1
   477                           bsr	equ	0xFE0
   478                           indf2	equ	0xFDF
   479                           postinc2	equ	0xFDE
   480                           postdec2	equ	0xFDD
   481                           preinc2	equ	0xFDC
   482                           plusw2	equ	0xFDB
   483                           fsr2h	equ	0xFDA
   484                           fsr2l	equ	0xFD9
   485                           status	equ	0xFD8

Data Sizes:
    Strings     0
    Constant    0
    Data        20
    BSS         6
    Persistent  0
    Stack       0

Auto Spaces:
    Space          Size  Autos    Used
    COMRAM          127      2      28
    BANK0           128      0       0
    BANK1           256      0       0
    BANK2           256      0       0
    BANK3           256      0       0
    BANK4           256      0       0
    BANK5           256      0       0

Pointer List with Targets:

    None.

Critical Paths under _main in COMRAM

    None.

Critical Paths under _main in BANK0

    None.

Critical Paths under _main in BANK1

    None.

Critical Paths under _main in BANK2

    None.

Critical Paths under _main in BANK3

    None.

Critical Paths under _main in BANK4

    None.

Critical Paths under _main in BANK5

    None.

Call Graph Tables:

 ---------------------------------------------------------------------------------
 (Depth) Function   	        Calls       Base Space   Used Autos Params    Refs
 ---------------------------------------------------------------------------------
 (0) _main                                                 2     2      0      45
                                              0 COMRAM     2     2      0
 ---------------------------------------------------------------------------------
 Estimated maximum stack depth 0
 ---------------------------------------------------------------------------------

 Call Graph Graphs:

 _main (ROOT)

 Address spaces:
Name               Size   Autos  Total    Cost      Usage
BIGRAM             5FF      0       0      17        0.0%
EEDATA             100      0       0       0        0.0%
BITBANK5           100      0       0      16        0.0%
BANK5              100      0       0      14        0.0%
BITBANK4           100      0       0      12        0.0%
BANK4              100      0       0      13        0.0%
BITBANK3           100      0       0      10        0.0%
BANK3              100      0       0      11        0.0%
BITBANK2           100      0       0       8        0.0%
BANK2              100      0       0       9        0.0%
BITBANK1           100      0       0       6        0.0%
BANK1              100      0       0       7        0.0%
BITBANK0            80      0       0       4        0.0%
BANK0               80      0       0       5        0.0%
BITCOMRAM           7F      0       0       0        0.0%
COMRAM              7F      2      1C       1       22.0%
BITSFR               0      0       0     200        0.0%
SFR                  0      0       0     200        0.0%
STACK                0      0       0       2        0.0%
NULL                 0      0       0       0        0.0%
ABS                  0      0      1C      15        0.0%
DATA                 0      0      1C       3        0.0%
CODE                 0      0       0       0        0.0%


Microchip Technology PIC18 Macro Assembler V2.32 build 20210201212658 
Symbol Table                                                                                   Sun Aug 22 22:41:13 2021

                     l21 7F7C                       l27 7FD4                       u10 7F78  
                     u11 7F74                       u20 7F8A                       u21 7F86  
                     u30 7F9E                       u31 7F9A                       u40 7FB4  
                     u41 7FB0                       u50 7FC6                       u51 7FC2  
                     u60 7FE2                       u61 7FDE                       _so 0001  
                    l710 7F5C                      l720 7F9E                      l712 7F60  
                    l730 7FE2                      l722 7FA6                      l714 7F6A  
                    l724 7FB4                      l716 7F78                      l708 7F58  
                    l726 7FC6                      l718 7F8A                      l728 7FCE  
                   _main 7F58                     fsr2h 000FDA                     indf2 000FDF  
                   fsr1l 000FE1                     fsr2l 000FD9                     start 0000  
           ___param_bank 000000                    ?_main 001B                    _PORTB 000F81  
                  _TRISB 000F93                    _TRISC 000F94                    _state 0019  
                  main@n 001B                    tablat 000FF5                    status 000FD8  
        __initialization 7F26             __end_of_main 8000                   ??_main 001B  
          __activetblptr 000000                   isa$std 000001             __pdataCOMRAM 0001  
                 tblptrh 000FF7                   tblptrl 000FF6                   tblptru 000FF8  
             __accesstop 0080  __end_of__initialization 7F52            ___rparam_used 000001  
         __pcstackCOMRAM 001B                  __Hparam 0000                  __Lparam 0000  
                __pcinit 7F26                  __ramtop 0600                  __ptext0 7F58  
   end_of_initialization 7F52                  postdec1 000FE5                  postinc0 000FEE  
              _PORTCbits 000F82         _u32TempFrequency 0015            __pidataCOMRAM 7F12  
    start_initialization 7F26              __pbssCOMRAM 0015                copy_data0 7F3A  
               __Hrparam 0000                 __Lrparam 0000            __size_of_main 00A8  
               isa$xinst 000000  
