

Microchip MPLAB XC8 Assembler V2.32 build 20210201212658 
                                                                                               Sun Apr 04 15:57:21 2021

Microchip MPLAB XC8 C Compiler v2.32 (Free license) build 20210201212658 Og1 
     1                           	processor	18F4520
     2                           	fnconf	rparam,??,?,0
     3                           	pagewidth 120
     4                           	opt	flic
     5                           	psect	cinit,global,reloc=2,class=CODE,delta=1
     6                           	psect	bssCOMRAM,global,class=COMRAM,space=1,delta=1,lowdata,noexec
     7                           	psect	cstackCOMRAM,global,class=COMRAM,space=1,delta=1,lowdata,noexec
     8                           	psect	text0,global,reloc=2,class=CODE,delta=1
     9                           	psect	intcode,global,reloc=2,class=CODE,delta=1
    10                           	psect	intcode_body,global,reloc=2,class=CODE,delta=1
    11                           	psect	intsave_regs,global,class=BIGRAM,space=1,delta=1,noexec
    12                           	psect	rparam,global,class=COMRAM,space=1,delta=1,noexec
    13                           	psect	temp,global,ovrld,common,class=COMRAM,space=1,delta=1
    14                           	psect	idloc,global,abs,ovrld,class=IDLOC,space=5,delta=1,noexec
    15                           	psect	config,global,abs,ovrld,class=CONFIG,space=4,delta=1,noexec
    16  0000                     
    17                           ; Version 2.20
    18                           ; Generated 12/02/2020 GMT
    19                           ; 
    20                           ; Copyright © 2020, Microchip Technology Inc. and its subsidiaries ("Microchip")
    21                           ; All rights reserved.
    22                           ; 
    23                           ; This software is developed by Microchip Technology Inc. and its subsidiaries ("Microch
      +                          ip").
    24                           ; 
    25                           ; Redistribution and use in source and binary forms, with or without modification, are
    26                           ; permitted provided that the following conditions are met:
    27                           ; 
    28                           ;     1. Redistributions of source code must retain the above copyright notice, this lis
      +                          t of
    29                           ;        conditions and the following disclaimer.
    30                           ; 
    31                           ;     2. Redistributions in binary form must reproduce the above copyright notice, this 
      +                          list
    32                           ;        of conditions and the following disclaimer in the documentation and/or other
    33                           ;        materials provided with the distribution.
    34                           ; 
    35                           ;     3. Microchip's name may not be used to endorse or promote products derived from th
      +                          is
    36                           ;        software without specific prior written permission.
    37                           ; 
    38                           ; THIS SOFTWARE IS PROVIDED BY MICROCHIP "AS IS" AND ANY EXPRESS OR IMPLIED WARRANTIES,
    39                           ; INCLUDING, BUT NOT LIMITED TO, THE IMPLIED WARRANTIES OF MERCHANTABILITY AND FITNESS F
      +                          OR
    40                           ; PURPOSE ARE DISCLAIMED.  IN NO EVENT SHALL MICROCHIP BE LIABLE FOR ANY DIRECT, INDIREC
      +                          T,
    41                           ; INCIDENTAL, SPECIAL, EXEMPLARY, OR CONSEQUENTIAL DAMAGES (INCLUDING BUT NOT LIMITED TO
    42                           ; PROCUREMENT OF SUBSTITUTE GOODS OR SERVICES; LOSS OF USE, DATA OR PROFITS; OR BUSINESS
    43                           ; INTERRUPTION) HOWSOEVER CAUSED AND ON ANY THEORY OF LIABILITY, WHETHER IN CONTRACT, ST
      +                          RICT
    44                           ; LIABILITY, OR TORT (INCLUDING NEGLIGENCE OR OTHERWISE) ARISING IN ANY WAY OUT OF THE U
      +                          SE OF
    45                           ; THIS SOFTWARE, EVEN IF ADVISED OF THE POSSIBILITY OF SUCH DAMAGE.
    46                           ; 
    47                           ; 
    48                           ; Code-generator required, PIC18F4520 Definitions
    49                           ; 
    50                           ; SFR Addresses
    51  0000                     _TRISD	set	3989
    52  0000                     _TRISB	set	3987
    53  0000                     _PORTD	set	3971
    54  0000                     _INTCONbits	set	4082
    55  0000                     _INTEDG0	set	32654
    56                           
    57                           ; #config settings
    58                           
    59                           	psect	cinit
    60  000066                     __pcinit:
    61                           	callstack 0
    62  000066                     start_initialization:
    63                           	callstack 0
    64  000066                     __initialization:
    65                           	callstack 0
    66                           
    67                           ; Clear objects allocated to COMRAM (1 bytes)
    68  000066  6A01               	clrf	__pbssCOMRAM& (0+255),c
    69  000068                     end_of_initialization:
    70                           	callstack 0
    71  000068                     __end_of__initialization:
    72                           	callstack 0
    73  000068  9002               	bcf	int$flags,0,c	;clear compiler interrupt flag (level 1)
    74  00006A  9202               	bcf	int$flags,1,c	;clear compiler interrupt flag (level 2)
    75  00006C  0100               	movlb	0
    76  00006E  EF26  F000         	goto	_main	;jump to C main() function
    77                           
    78                           	psect	bssCOMRAM
    79  000001                     __pbssCOMRAM:
    80                           	callstack 0
    81  000001                     _state:
    82                           	callstack 0
    83  000001                     	ds	1
    84                           
    85                           	psect	cstackCOMRAM
    86  000000                     __pcstackCOMRAM:
    87                           	callstack 0
    88  000000                     
    89                           ; 1 bytes @ 0x0
    90 ;;
    91 ;;Main: autosize = 0, tempsize = 0, incstack = 0, save=0
    92 ;;
    93 ;; *************** function _main *****************
    94 ;; Defined at:
    95 ;;		line 88 in file "newmain.c"
    96 ;; Parameters:    Size  Location     Type
    97 ;;		None
    98 ;; Auto vars:     Size  Location     Type
    99 ;;		None
   100 ;; Return value:  Size  Location     Type
   101 ;;                  1    wreg      void 
   102 ;; Registers used:
   103 ;;		wreg, status,2
   104 ;; Tracked objects:
   105 ;;		On entry : 0/0
   106 ;;		On exit  : 0/0
   107 ;;		Unchanged: 0/0
   108 ;; Data sizes:     COMRAM   BANK0   BANK1   BANK2   BANK3   BANK4   BANK5
   109 ;;      Params:         0       0       0       0       0       0       0
   110 ;;      Locals:         0       0       0       0       0       0       0
   111 ;;      Temps:          0       0       0       0       0       0       0
   112 ;;      Totals:         0       0       0       0       0       0       0
   113 ;;Total ram usage:        0 bytes
   114 ;; Hardware stack levels required when called: 1
   115 ;; This function calls:
   116 ;;		Nothing
   117 ;; This function is called by:
   118 ;;		Startup code after reset
   119 ;; This function uses a non-reentrant model
   120 ;;
   121                           
   122                           	psect	text0
   123  00004C                     __ptext0:
   124                           	callstack 0
   125  00004C                     _main:
   126                           	callstack 30
   127  00004C                     
   128                           ;newmain.c: 89:     TRISB = 1;
   129  00004C  0E01               	movlw	1
   130  00004E  6E93               	movwf	147,c	;volatile
   131                           
   132                           ;newmain.c: 90:     TRISD = 0;
   133  000050  0E00               	movlw	0
   134  000052  6E95               	movwf	149,c	;volatile
   135                           
   136                           ;newmain.c: 91:     PORTD = 0;
   137  000054  0E00               	movlw	0
   138  000056  6E83               	movwf	131,c	;volatile
   139  000058                     
   140                           ;newmain.c: 92:     INTEDG0 = 1;
   141  000058  8CF1               	bsf	4081,6,c	;volatile
   142  00005A                     
   143                           ;newmain.c: 93:     INTCONbits.INT0IE = 1;
   144  00005A  88F2               	bsf	242,4,c	;volatile
   145  00005C                     
   146                           ;newmain.c: 94:     INTCONbits.GIE = 1;
   147  00005C  8EF2               	bsf	242,7,c	;volatile
   148  00005E                     l25:
   149  00005E  EF2F  F000         	goto	l25
   150  000062  EF07  F000         	goto	start
   151  000066                     __end_of_main:
   152                           	callstack 0
   153                           
   154 ;; *************** function _function *****************
   155 ;; Defined at:
   156 ;;		line 73 in file "newmain.c"
   157 ;; Parameters:    Size  Location     Type
   158 ;;		None
   159 ;; Auto vars:     Size  Location     Type
   160 ;;		None
   161 ;; Return value:  Size  Location     Type
   162 ;;                  1    wreg      void 
   163 ;; Registers used:
   164 ;;		wreg, status,2
   165 ;; Tracked objects:
   166 ;;		On entry : 0/0
   167 ;;		On exit  : 0/0
   168 ;;		Unchanged: 0/0
   169 ;; Data sizes:     COMRAM   BANK0   BANK1   BANK2   BANK3   BANK4   BANK5
   170 ;;      Params:         0       0       0       0       0       0       0
   171 ;;      Locals:         0       0       0       0       0       0       0
   172 ;;      Temps:          0       0       0       0       0       0       0
   173 ;;      Totals:         0       0       0       0       0       0       0
   174 ;;Total ram usage:        0 bytes
   175 ;; Hardware stack levels used: 1
   176 ;; This function calls:
   177 ;;		Nothing
   178 ;; This function is called by:
   179 ;;		Interrupt level 2
   180 ;; This function uses a non-reentrant model
   181 ;;
   182                           
   183                           	psect	intcode
   184  000008                     __pintcode:
   185                           	callstack 0
   186  000008                     _function:
   187                           	callstack 30
   188                           
   189                           ;incstack = 0
   190  000008  8202               	bsf	int$flags,1,c	;set compiler interrupt flag (level 2)
   191  00000A  ED09  F000         	call	int_func,f	;refresh shadow registers
   192                           
   193                           	psect	intcode_body
   194  000012                     __pintcode_body:
   195                           	callstack 30
   196  000012                     int_func:
   197                           	callstack 30
   198  000012  0006               	pop		; remove dummy address from shadow register refresh
   199  000014                     
   200                           ;newmain.c: 74:      if (INTCONbits.INT0IF == 1)
   201  000014  A2F2               	btfss	242,1,c	;volatile
   202  000016  EF0F  F000         	goto	i2u1_41
   203  00001A  EF11  F000         	goto	i2u1_40
   204  00001E                     i2u1_41:
   205  00001E  EF24  F000         	goto	i2l20
   206  000022                     i2u1_40:
   207  000022                     
   208                           ;newmain.c: 75:          if (state == 0)
   209  000022  5001               	movf	_state^0,w,c
   210  000024  A4D8               	btfss	status,2,c
   211  000026  EF17  F000         	goto	i2u2_41
   212  00002A  EF19  F000         	goto	i2u2_40
   213  00002E                     i2u2_41:
   214  00002E  EF1F  F000         	goto	i2l714
   215  000032                     i2u2_40:
   216  000032                     
   217                           ;newmain.c: 76:          {;newmain.c: 77:              state = 1;
   218  000032  0E01               	movlw	1
   219  000034  6E01               	movwf	_state^0,c
   220  000036                     
   221                           ;newmain.c: 78:              INTCONbits.INT0IF = 0;
   222  000036  92F2               	bcf	242,1,c	;volatile
   223  000038                     
   224                           ;newmain.c: 79:              PORTD = 0xff;
   225  000038  6883               	setf	131,c	;volatile
   226                           
   227                           ;newmain.c: 80:          } else
   228  00003A  EF24  F000         	goto	i2l20
   229  00003E                     i2l714:
   230                           
   231                           ;newmain.c: 81:          {;newmain.c: 82:              state = 0;
   232  00003E  0E00               	movlw	0
   233  000040  6E01               	movwf	_state^0,c
   234  000042                     
   235                           ;newmain.c: 83:              INTCONbits.INT0IF = 0;
   236  000042  92F2               	bcf	242,1,c	;volatile
   237                           
   238                           ;newmain.c: 84:              PORTD = 0;
   239  000044  0E00               	movlw	0
   240  000046  6E83               	movwf	131,c	;volatile
   241  000048                     i2l20:
   242  000048  9202               	bcf	int$flags,1,c	;clear compiler interrupt flag (level 2)
   243  00004A  0011               	retfie		f
   244  00004C                     __end_of_function:
   245                           	callstack 0
   246  0000                     
   247                           	psect	rparam
   248  0000                     
   249                           	psect	temp
   250  000002                     btemp:
   251                           	callstack 0
   252  000002                     	ds	1
   253  0000                     int$flags	set	btemp
   254  0000                     wtemp8	set	btemp+1
   255  0000                     ttemp5	set	btemp+1
   256  0000                     ttemp6	set	btemp+4
   257  0000                     ttemp7	set	btemp+8
   258                           
   259                           	psect	idloc
   260                           
   261                           ;Config register IDLOC0 @ 0x200000
   262                           ;	unspecified, using default values
   263  200000                     	org	2097152
   264  200000  FF                 	db	255
   265                           
   266                           ;Config register IDLOC1 @ 0x200001
   267                           ;	unspecified, using default values
   268  200001                     	org	2097153
   269  200001  FF                 	db	255
   270                           
   271                           ;Config register IDLOC2 @ 0x200002
   272                           ;	unspecified, using default values
   273  200002                     	org	2097154
   274  200002  FF                 	db	255
   275                           
   276                           ;Config register IDLOC3 @ 0x200003
   277                           ;	unspecified, using default values
   278  200003                     	org	2097155
   279  200003  FF                 	db	255
   280                           
   281                           ;Config register IDLOC4 @ 0x200004
   282                           ;	unspecified, using default values
   283  200004                     	org	2097156
   284  200004  FF                 	db	255
   285                           
   286                           ;Config register IDLOC5 @ 0x200005
   287                           ;	unspecified, using default values
   288  200005                     	org	2097157
   289  200005  FF                 	db	255
   290                           
   291                           ;Config register IDLOC6 @ 0x200006
   292                           ;	unspecified, using default values
   293  200006                     	org	2097158
   294  200006  FF                 	db	255
   295                           
   296                           ;Config register IDLOC7 @ 0x200007
   297                           ;	unspecified, using default values
   298  200007                     	org	2097159
   299  200007  FF                 	db	255
   300                           
   301                           	psect	config
   302                           
   303                           ; Padding undefined space
   304  300000                     	org	3145728
   305  300000  FF                 	db	255
   306                           
   307                           ;Config register CONFIG1H @ 0x300001
   308                           ;	Oscillator Selection bits
   309                           ;	OSC = RCIO6, External RC oscillator, port function on RA6
   310                           ;	Fail-Safe Clock Monitor Enable bit
   311                           ;	FCMEN = OFF, Fail-Safe Clock Monitor disabled
   312                           ;	Internal/External Oscillator Switchover bit
   313                           ;	IESO = OFF, Oscillator Switchover mode disabled
   314  300001                     	org	3145729
   315  300001  07                 	db	7
   316                           
   317                           ;Config register CONFIG2L @ 0x300002
   318                           ;	Power-up Timer Enable bit
   319                           ;	PWRT = OFF, PWRT disabled
   320                           ;	Brown-out Reset Enable bits
   321                           ;	BOREN = OFF, Brown-out Reset disabled in hardware and software
   322                           ;	Brown Out Reset Voltage bits
   323                           ;	BORV = 3, Minimum setting
   324  300002                     	org	3145730
   325  300002  19                 	db	25
   326                           
   327                           ;Config register CONFIG2H @ 0x300003
   328                           ;	Watchdog Timer Enable bit
   329                           ;	WDT = OFF, WDT disabled (control is placed on the SWDTEN bit)
   330                           ;	Watchdog Timer Postscale Select bits
   331                           ;	WDTPS = 32768, 1:32768
   332  300003                     	org	3145731
   333  300003  1E                 	db	30
   334                           
   335                           ; Padding undefined space
   336  300004                     	org	3145732
   337  300004  FF                 	db	255
   338                           
   339                           ;Config register CONFIG3H @ 0x300005
   340                           ;	CCP2 MUX bit
   341                           ;	CCP2MX = PORTC, CCP2 input/output is multiplexed with RC1
   342                           ;	PORTB A/D Enable bit
   343                           ;	PBADEN = OFF, PORTB<4:0> pins are configured as digital I/O on Reset
   344                           ;	Low-Power Timer1 Oscillator Enable bit
   345                           ;	LPT1OSC = OFF, Timer1 configured for higher power operation
   346                           ;	MCLR Pin Enable bit
   347                           ;	MCLRE = OFF, RE3 input pin enabled; MCLR disabled
   348  300005                     	org	3145733
   349  300005  01                 	db	1
   350                           
   351                           ;Config register CONFIG4L @ 0x300006
   352                           ;	Stack Full/Underflow Reset Enable bit
   353                           ;	STVREN = OFF, Stack full/underflow will not cause Reset
   354                           ;	Single-Supply ICSP Enable bit
   355                           ;	LVP = OFF, Single-Supply ICSP disabled
   356                           ;	Extended Instruction Set Enable bit
   357                           ;	XINST = OFF, Instruction set extension and Indexed Addressing mode disabled (Legacy mo
      +                          de)
   358                           ;	Background Debugger Enable bit
   359                           ;	DEBUG = 0x1, unprogrammed default
   360  300006                     	org	3145734
   361  300006  80                 	db	128
   362                           
   363                           ; Padding undefined space
   364  300007                     	org	3145735
   365  300007  FF                 	db	255
   366                           
   367                           ;Config register CONFIG5L @ 0x300008
   368                           ;	Code Protection bit
   369                           ;	CP0 = OFF, Block 0 (000800-001FFFh) not code-protected
   370                           ;	Code Protection bit
   371                           ;	CP1 = OFF, Block 1 (002000-003FFFh) not code-protected
   372                           ;	Code Protection bit
   373                           ;	CP2 = OFF, Block 2 (004000-005FFFh) not code-protected
   374                           ;	Code Protection bit
   375                           ;	CP3 = OFF, Block 3 (006000-007FFFh) not code-protected
   376  300008                     	org	3145736
   377  300008  0F                 	db	15
   378                           
   379                           ;Config register CONFIG5H @ 0x300009
   380                           ;	Boot Block Code Protection bit
   381                           ;	CPB = OFF, Boot block (000000-0007FFh) not code-protected
   382                           ;	Data EEPROM Code Protection bit
   383                           ;	CPD = OFF, Data EEPROM not code-protected
   384  300009                     	org	3145737
   385  300009  C0                 	db	192
   386                           
   387                           ;Config register CONFIG6L @ 0x30000A
   388                           ;	Write Protection bit
   389                           ;	WRT0 = OFF, Block 0 (000800-001FFFh) not write-protected
   390                           ;	Write Protection bit
   391                           ;	WRT1 = OFF, Block 1 (002000-003FFFh) not write-protected
   392                           ;	Write Protection bit
   393                           ;	WRT2 = OFF, Block 2 (004000-005FFFh) not write-protected
   394                           ;	Write Protection bit
   395                           ;	WRT3 = OFF, Block 3 (006000-007FFFh) not write-protected
   396  30000A                     	org	3145738
   397  30000A  0F                 	db	15
   398                           
   399                           ;Config register CONFIG6H @ 0x30000B
   400                           ;	Configuration Register Write Protection bit
   401                           ;	WRTC = OFF, Configuration registers (300000-3000FFh) not write-protected
   402                           ;	Boot Block Write Protection bit
   403                           ;	WRTB = OFF, Boot block (000000-0007FFh) not write-protected
   404                           ;	Data EEPROM Write Protection bit
   405                           ;	WRTD = OFF, Data EEPROM not write-protected
   406  30000B                     	org	3145739
   407  30000B  E0                 	db	224
   408                           
   409                           ;Config register CONFIG7L @ 0x30000C
   410                           ;	Table Read Protection bit
   411                           ;	EBTR0 = OFF, Block 0 (000800-001FFFh) not protected from table reads executed in other
      +                           blocks
   412                           ;	Table Read Protection bit
   413                           ;	EBTR1 = OFF, Block 1 (002000-003FFFh) not protected from table reads executed in other
      +                           blocks
   414                           ;	Table Read Protection bit
   415                           ;	EBTR2 = OFF, Block 2 (004000-005FFFh) not protected from table reads executed in other
      +                           blocks
   416                           ;	Table Read Protection bit
   417                           ;	EBTR3 = OFF, Block 3 (006000-007FFFh) not protected from table reads executed in other
      +                           blocks
   418  30000C                     	org	3145740
   419  30000C  0F                 	db	15
   420                           
   421                           ;Config register CONFIG7H @ 0x30000D
   422                           ;	Boot Block Table Read Protection bit
   423                           ;	EBTRB = OFF, Boot block (000000-0007FFh) not protected from table reads executed in ot
      +                          her blocks
   424  30000D                     	org	3145741
   425  30000D  40                 	db	64
   426                           tosu	equ	0xFFF
   427                           tosh	equ	0xFFE
   428                           tosl	equ	0xFFD
   429                           stkptr	equ	0xFFC
   430                           pclatu	equ	0xFFB
   431                           pclath	equ	0xFFA
   432                           pcl	equ	0xFF9
   433                           tblptru	equ	0xFF8
   434                           tblptrh	equ	0xFF7
   435                           tblptrl	equ	0xFF6
   436                           tablat	equ	0xFF5
   437                           prodh	equ	0xFF4
   438                           prodl	equ	0xFF3
   439                           indf0	equ	0xFEF
   440                           postinc0	equ	0xFEE
   441                           postdec0	equ	0xFED
   442                           preinc0	equ	0xFEC
   443                           plusw0	equ	0xFEB
   444                           fsr0h	equ	0xFEA
   445                           fsr0l	equ	0xFE9
   446                           wreg	equ	0xFE8
   447                           indf1	equ	0xFE7
   448                           postinc1	equ	0xFE6
   449                           postdec1	equ	0xFE5
   450                           preinc1	equ	0xFE4
   451                           plusw1	equ	0xFE3
   452                           fsr1h	equ	0xFE2
   453                           fsr1l	equ	0xFE1
   454                           bsr	equ	0xFE0
   455                           indf2	equ	0xFDF
   456                           postinc2	equ	0xFDE
   457                           postdec2	equ	0xFDD
   458                           preinc2	equ	0xFDC
   459                           plusw2	equ	0xFDB
   460                           fsr2h	equ	0xFDA
   461                           fsr2l	equ	0xFD9
   462                           status	equ	0xFD8

Data Sizes:
    Strings     0
    Constant    0
    Data        0
    BSS         1
    Persistent  0
    Stack       0

Auto Spaces:
    Space          Size  Autos    Used
    COMRAM          126      0       1
    BANK0           128      0       0
    BANK1           256      0       0
    BANK2           256      0       0
    BANK3           256      0       0
    BANK4           256      0       0
    BANK5           256      0       0

Pointer List with Targets:

    None.

Critical Paths under _main in COMRAM

    None.

Critical Paths under _function in COMRAM

    None.

Critical Paths under _main in BANK0

    None.

Critical Paths under _function in BANK0

    None.

Critical Paths under _main in BANK1

    None.

Critical Paths under _function in BANK1

    None.

Critical Paths under _main in BANK2

    None.

Critical Paths under _function in BANK2

    None.

Critical Paths under _main in BANK3

    None.

Critical Paths under _function in BANK3

    None.

Critical Paths under _main in BANK4

    None.

Critical Paths under _function in BANK4

    None.

Critical Paths under _main in BANK5

    None.

Critical Paths under _function in BANK5

    None.

Call Graph Tables:

 ---------------------------------------------------------------------------------
 (Depth) Function   	        Calls       Base Space   Used Autos Params    Refs
 ---------------------------------------------------------------------------------
 (0) _main                                                 0     0      0       0
 ---------------------------------------------------------------------------------
 Estimated maximum stack depth 0
 ---------------------------------------------------------------------------------
 (Depth) Function   	        Calls       Base Space   Used Autos Params    Refs
 ---------------------------------------------------------------------------------
 (1) _function                                             0     0      0       0
 ---------------------------------------------------------------------------------
 Estimated maximum stack depth 1
 ---------------------------------------------------------------------------------

 Call Graph Graphs:

 _main (ROOT)

 _function (ROOT)

 Address spaces:
Name               Size   Autos  Total    Cost      Usage
BIGRAM             5FF      0       0      17        0.0%
EEDATA             100      0       0       0        0.0%
BITBANK5           100      0       0      16        0.0%
BANK5              100      0       0      14        0.0%
BITBANK4           100      0       0      12        0.0%
BANK4              100      0       0      13        0.0%
BITBANK3           100      0       0      10        0.0%
BANK3              100      0       0      11        0.0%
BITBANK2           100      0       0       8        0.0%
BANK2              100      0       0       9        0.0%
BITBANK1           100      0       0       6        0.0%
BANK1              100      0       0       7        0.0%
BITBANK0            80      0       0       4        0.0%
BANK0               80      0       0       5        0.0%
BITCOMRAM           7E      0       0       0        0.0%
COMRAM              7E      0       1       1        0.8%
BITSFR               0      0       0     200        0.0%
SFR                  0      0       0     200        0.0%
STACK                0      0       0       2        0.0%
NULL                 0      0       0       0        0.0%
ABS                  0      0       1      15        0.0%
DATA                 0      0       1       3        0.0%
CODE                 0      0       0       0        0.0%


Microchip Technology PIC18 Macro Assembler V2.32 build 20210201212658 
Symbol Table                                                                                   Sun Apr 04 15:57:21 2021

                     l25 005E                       l26 005E                      l720 0058  
                    l722 005A                      l724 005C                      l718 004C  
                   i2l20 0048                     _main 004C                     btemp 0002  
                   start 000E             ___param_bank 000000                    ?_main 0000  
                  i2l710 0036                    i2l712 0038                    i2l704 0014  
                  i2l714 003E                    i2l706 0022                    i2l716 0042  
                  i2l708 0032                    _PORTD 000F83                    _TRISB 000F93  
                  _TRISD 000F95                    _state 0001                    ttemp5 0003  
                  ttemp6 0006                    ttemp7 000A                    status 000FD8  
                  wtemp8 0003          __initialization 0066             __end_of_main 0066  
                 ??_main 0000            __activetblptr 000000                   i2u1_40 0022  
                 i2u1_41 001E                   i2u2_40 0032                   i2u2_41 002E  
       __end_of_function 004C                   isa$std 000001               __accesstop 0080  
__end_of__initialization 0068            ___rparam_used 000001           __pcstackCOMRAM 0000  
                _INTEDG0 007F8E                ?_function 0000                  __Hparam 0000  
                __Lparam 0000                  __pcinit 0066                  __ramtop 0600  
                __ptext0 004C           __pintcode_body 0012     end_of_initialization 0068  
                int_func 0012               ??_function 0000      start_initialization 0066  
            __pbssCOMRAM 0001        __size_of_function 0044                __pintcode 0008  
               __Hrparam 0000                 __Lrparam 0000            __size_of_main 001A  
               _function 0008                 isa$xinst 000000                 int$flags 0002  
             _INTCONbits 000FF2                 intlevel2 0000  
