

Microchip MPLAB XC8 Assembler V2.32 build 20210201212658 
                                                                                               Thu Apr 08 01:33:10 2021

Microchip MPLAB XC8 C Compiler v2.32 (Free license) build 20210201212658 Og1 
     1                           	processor	18F4520
     2                           	fnconf	rparam,??,?,0
     3                           	pagewidth 120
     4                           	opt	flic
     5                           	psect	cinit,global,reloc=2,class=CODE,delta=1
     6                           	psect	cstackCOMRAM,global,class=COMRAM,space=1,delta=1,lowdata,noexec
     7                           	psect	text0,global,reloc=2,class=CODE,delta=1
     8                           	psect	text1,global,reloc=2,class=CODE,delta=1
     9                           	psect	intcode,global,reloc=2,class=CODE,delta=1
    10                           	psect	intcode_body,global,reloc=2,class=CODE,delta=1
    11                           	psect	intsave_regs,global,class=BIGRAM,space=1,delta=1,noexec
    12                           	psect	rparam,global,class=COMRAM,space=1,delta=1,noexec
    13                           	psect	temp,global,ovrld,common,class=COMRAM,space=1,delta=1
    14                           	psect	idloc,global,abs,ovrld,class=IDLOC,space=5,delta=1,noexec
    15                           	psect	config,global,abs,ovrld,class=CONFIG,space=4,delta=1,noexec
    16  0000                     
    17                           ; Version 2.20
    18                           ; Generated 12/02/2020 GMT
    19                           ; 
    20                           ; Copyright © 2020, Microchip Technology Inc. and its subsidiaries ("Microchip")
    21                           ; All rights reserved.
    22                           ; 
    23                           ; This software is developed by Microchip Technology Inc. and its subsidiaries ("Microch
      +                          ip").
    24                           ; 
    25                           ; Redistribution and use in source and binary forms, with or without modification, are
    26                           ; permitted provided that the following conditions are met:
    27                           ; 
    28                           ;     1. Redistributions of source code must retain the above copyright notice, this lis
      +                          t of
    29                           ;        conditions and the following disclaimer.
    30                           ; 
    31                           ;     2. Redistributions in binary form must reproduce the above copyright notice, this 
      +                          list
    32                           ;        of conditions and the following disclaimer in the documentation and/or other
    33                           ;        materials provided with the distribution.
    34                           ; 
    35                           ;     3. Microchip's name may not be used to endorse or promote products derived from th
      +                          is
    36                           ;        software without specific prior written permission.
    37                           ; 
    38                           ; THIS SOFTWARE IS PROVIDED BY MICROCHIP "AS IS" AND ANY EXPRESS OR IMPLIED WARRANTIES,
    39                           ; INCLUDING, BUT NOT LIMITED TO, THE IMPLIED WARRANTIES OF MERCHANTABILITY AND FITNESS F
      +                          OR
    40                           ; PURPOSE ARE DISCLAIMED.  IN NO EVENT SHALL MICROCHIP BE LIABLE FOR ANY DIRECT, INDIREC
      +                          T,
    41                           ; INCIDENTAL, SPECIAL, EXEMPLARY, OR CONSEQUENTIAL DAMAGES (INCLUDING BUT NOT LIMITED TO
    42                           ; PROCUREMENT OF SUBSTITUTE GOODS OR SERVICES; LOSS OF USE, DATA OR PROFITS; OR BUSINESS
    43                           ; INTERRUPTION) HOWSOEVER CAUSED AND ON ANY THEORY OF LIABILITY, WHETHER IN CONTRACT, ST
      +                          RICT
    44                           ; LIABILITY, OR TORT (INCLUDING NEGLIGENCE OR OTHERWISE) ARISING IN ANY WAY OUT OF THE U
      +                          SE OF
    45                           ; THIS SOFTWARE, EVEN IF ADVISED OF THE POSSIBILITY OF SUCH DAMAGE.
    46                           ; 
    47                           ; 
    48                           ; Code-generator required, PIC18F4520 Definitions
    49                           ; 
    50                           ; SFR Addresses
    51  0000                     _TMR0	set	4054
    52  0000                     _INTCONbits	set	4082
    53  0000                     _T0CONbits	set	4053
    54  0000                     _T0CON	set	4053
    55  0000                     _INTCON	set	4082
    56  0000                     _PORTB	set	3969
    57  0000                     _TRISB	set	3987
    58                           
    59                           ; #config settings
    60                           
    61                           	psect	cinit
    62  000070                     __pcinit:
    63                           	callstack 0
    64  000070                     start_initialization:
    65                           	callstack 0
    66  000070                     __initialization:
    67                           	callstack 0
    68  000070                     end_of_initialization:
    69                           	callstack 0
    70  000070                     __end_of__initialization:
    71                           	callstack 0
    72  000070  9001               	bcf	int$flags,0,c	;clear compiler interrupt flag (level 1)
    73  000072  9201               	bcf	int$flags,1,c	;clear compiler interrupt flag (level 2)
    74  000074  0100               	movlb	0
    75  000076  EF2E  F000         	goto	_main	;jump to C main() function
    76                           
    77                           	psect	cstackCOMRAM
    78  000000                     __pcstackCOMRAM:
    79                           	callstack 0
    80  000000                     
    81                           ; 1 bytes @ 0x0
    82 ;;
    83 ;;Main: autosize = 0, tempsize = 0, incstack = 0, save=0
    84 ;;
    85 ;; *************** function _main *****************
    86 ;; Defined at:
    87 ;;		line 76 in file "newmain.c"
    88 ;; Parameters:    Size  Location     Type
    89 ;;		None
    90 ;; Auto vars:     Size  Location     Type
    91 ;;		None
    92 ;; Return value:  Size  Location     Type
    93 ;;                  1    wreg      void 
    94 ;; Registers used:
    95 ;;		wreg, status,2, status,0, cstack
    96 ;; Tracked objects:
    97 ;;		On entry : 0/0
    98 ;;		On exit  : 0/0
    99 ;;		Unchanged: 0/0
   100 ;; Data sizes:     COMRAM   BANK0   BANK1   BANK2   BANK3   BANK4   BANK5
   101 ;;      Params:         0       0       0       0       0       0       0
   102 ;;      Locals:         0       0       0       0       0       0       0
   103 ;;      Temps:          0       0       0       0       0       0       0
   104 ;;      Totals:         0       0       0       0       0       0       0
   105 ;;Total ram usage:        0 bytes
   106 ;; Hardware stack levels required when called: 2
   107 ;; This function calls:
   108 ;;		_Timer0_Configuration
   109 ;; This function is called by:
   110 ;;		Startup code after reset
   111 ;; This function uses a non-reentrant model
   112 ;;
   113                           
   114                           	psect	text0
   115  00005C                     __ptext0:
   116                           	callstack 0
   117  00005C                     _main:
   118                           	callstack 29
   119  00005C                     
   120                           ;newmain.c: 77:     TRISB = 0;
   121  00005C  0E00               	movlw	0
   122  00005E  6E93               	movwf	147,c	;volatile
   123                           
   124                           ;newmain.c: 78:     PORTB = 0;
   125  000060  0E00               	movlw	0
   126  000062  6E81               	movwf	129,c	;volatile
   127  000064                     
   128                           ;newmain.c: 79:     Timer0_Configuration();
   129  000064  EC1E  F000         	call	_Timer0_Configuration	;wreg free
   130  000068                     l21:
   131  000068  EF34  F000         	goto	l21
   132  00006C  EF07  F000         	goto	start
   133  000070                     __end_of_main:
   134                           	callstack 0
   135                           
   136 ;; *************** function _Timer0_Configuration *****************
   137 ;; Defined at:
   138 ;;		line 86 in file "newmain.c"
   139 ;; Parameters:    Size  Location     Type
   140 ;;		None
   141 ;; Auto vars:     Size  Location     Type
   142 ;;		None
   143 ;; Return value:  Size  Location     Type
   144 ;;                  1    wreg      void 
   145 ;; Registers used:
   146 ;;		wreg, status,2, status,0
   147 ;; Tracked objects:
   148 ;;		On entry : 0/0
   149 ;;		On exit  : 0/0
   150 ;;		Unchanged: 0/0
   151 ;; Data sizes:     COMRAM   BANK0   BANK1   BANK2   BANK3   BANK4   BANK5
   152 ;;      Params:         0       0       0       0       0       0       0
   153 ;;      Locals:         0       0       0       0       0       0       0
   154 ;;      Temps:          0       0       0       0       0       0       0
   155 ;;      Totals:         0       0       0       0       0       0       0
   156 ;;Total ram usage:        0 bytes
   157 ;; Hardware stack levels used: 1
   158 ;; Hardware stack levels required when called: 1
   159 ;; This function calls:
   160 ;;		Nothing
   161 ;; This function is called by:
   162 ;;		_main
   163 ;; This function uses a non-reentrant model
   164 ;;
   165                           
   166                           	psect	text1
   167  00003C                     __ptext1:
   168                           	callstack 0
   169  00003C                     _Timer0_Configuration:
   170                           	callstack 29
   171  00003C                     
   172                           ;newmain.c: 88:     INTCON |= 1<<5;
   173  00003C  8AF2               	bsf	242,5,c	;volatile
   174                           
   175                           ;newmain.c: 89:     INTCON |= 1<<7;
   176  00003E  8EF2               	bsf	242,7,c	;volatile
   177                           
   178                           ;newmain.c: 90:     INTCON &= ~(1<<2);
   179  000040  94F2               	bcf	242,2,c	;volatile
   180                           
   181                           ;newmain.c: 92:     T0CON |= 1<<7;
   182  000042  8ED5               	bsf	213,7,c	;volatile
   183                           
   184                           ;newmain.c: 93:     T0CON |= 1<<6;
   185  000044  8CD5               	bsf	213,6,c	;volatile
   186                           
   187                           ;newmain.c: 94:     T0CON &= ~(1<<5);
   188  000046  9AD5               	bcf	213,5,c	;volatile
   189  000048                     
   190                           ;newmain.c: 95:     T0CONbits.T0SE = 0;
   191  000048  98D5               	bcf	213,4,c	;volatile
   192  00004A                     
   193                           ;newmain.c: 96:     T0CONbits.PSA = 0;
   194  00004A  96D5               	bcf	213,3,c	;volatile
   195  00004C                     
   196                           ;newmain.c: 97:     T0CONbits.T0PS0 = 0;
   197  00004C  90D5               	bcf	213,0,c	;volatile
   198  00004E                     
   199                           ;newmain.c: 98:     T0CONbits.T0PS1 = 0;
   200  00004E  92D5               	bcf	213,1,c	;volatile
   201  000050                     
   202                           ;newmain.c: 99:     T0CONbits.T0PS2 = 1;
   203  000050  84D5               	bsf	213,2,c	;volatile
   204  000052                     
   205                           ;newmain.c: 100:     TMR0 = 100;
   206  000052  0E00               	movlw	0
   207  000054  6ED7               	movwf	215,c	;volatile
   208  000056  0E64               	movlw	100
   209  000058  6ED6               	movwf	214,c	;volatile
   210  00005A  0012               	return		;funcret
   211  00005C                     __end_of_Timer0_Configuration:
   212                           	callstack 0
   213                           
   214 ;; *************** function _TIM0 *****************
   215 ;; Defined at:
   216 ;;		line 103 in file "newmain.c"
   217 ;; Parameters:    Size  Location     Type
   218 ;;		None
   219 ;; Auto vars:     Size  Location     Type
   220 ;;		None
   221 ;; Return value:  Size  Location     Type
   222 ;;                  1    wreg      void 
   223 ;; Registers used:
   224 ;;		wreg, status,2, status,0
   225 ;; Tracked objects:
   226 ;;		On entry : 0/0
   227 ;;		On exit  : 0/0
   228 ;;		Unchanged: 0/0
   229 ;; Data sizes:     COMRAM   BANK0   BANK1   BANK2   BANK3   BANK4   BANK5
   230 ;;      Params:         0       0       0       0       0       0       0
   231 ;;      Locals:         0       0       0       0       0       0       0
   232 ;;      Temps:          0       0       0       0       0       0       0
   233 ;;      Totals:         0       0       0       0       0       0       0
   234 ;;Total ram usage:        0 bytes
   235 ;; Hardware stack levels used: 1
   236 ;; This function calls:
   237 ;;		Nothing
   238 ;; This function is called by:
   239 ;;		Interrupt level 2
   240 ;; This function uses a non-reentrant model
   241 ;;
   242                           
   243                           	psect	intcode
   244  000008                     __pintcode:
   245                           	callstack 0
   246  000008                     _TIM0:
   247                           	callstack 29
   248                           
   249                           ;incstack = 0
   250  000008  8201               	bsf	int$flags,1,c	;set compiler interrupt flag (level 2)
   251  00000A  ED09  F000         	call	int_func,f	;refresh shadow registers
   252                           
   253                           	psect	intcode_body
   254  000012                     __pintcode_body:
   255                           	callstack 29
   256  000012                     int_func:
   257                           	callstack 29
   258  000012  0006               	pop		; remove dummy address from shadow register refresh
   259  000014                     
   260                           ;newmain.c: 105:     if ((INTCONbits.TMR0IF == 1)&(INTCONbits.T0IE == 1))
   261  000014  0E01               	movlw	1
   262  000016  A4F2               	btfss	242,2,c	;volatile
   263  000018  0E00               	movlw	0
   264  00001A  AAF2               	btfss	242,5,c	;volatile
   265  00001C  0E00               	movlw	0
   266  00001E  A0E8               	btfss	wreg,0,c
   267  000020  EF14  F000         	goto	i2u1_41
   268  000024  EF16  F000         	goto	i2u1_40
   269  000028                     i2u1_41:
   270  000028  EF1C  F000         	goto	i2l33
   271  00002C                     i2u1_40:
   272  00002C                     
   273                           ;newmain.c: 106:     {;newmain.c: 107:         PORTB = ~ PORTB;
   274  00002C  1E81               	comf	129,f,c	;volatile
   275  00002E                     
   276                           ;newmain.c: 108:         TMR0 = 100;
   277  00002E  0E00               	movlw	0
   278  000030  6ED7               	movwf	215,c	;volatile
   279  000032  0E64               	movlw	100
   280  000034  6ED6               	movwf	214,c	;volatile
   281  000036                     
   282                           ;newmain.c: 109:         INTCONbits.TMR0IF = 0;
   283  000036  94F2               	bcf	242,2,c	;volatile
   284  000038                     i2l33:
   285  000038  9201               	bcf	int$flags,1,c	;clear compiler interrupt flag (level 2)
   286  00003A  0011               	retfie		f
   287  00003C                     __end_of_TIM0:
   288                           	callstack 0
   289  0000                     
   290                           	psect	rparam
   291  0000                     
   292                           	psect	temp
   293  000001                     btemp:
   294                           	callstack 0
   295  000001                     	ds	1
   296  0000                     int$flags	set	btemp
   297  0000                     wtemp8	set	btemp+1
   298  0000                     ttemp5	set	btemp+1
   299  0000                     ttemp6	set	btemp+4
   300  0000                     ttemp7	set	btemp+8
   301                           
   302                           	psect	idloc
   303                           
   304                           ;Config register IDLOC0 @ 0x200000
   305                           ;	unspecified, using default values
   306  200000                     	org	2097152
   307  200000  FF                 	db	255
   308                           
   309                           ;Config register IDLOC1 @ 0x200001
   310                           ;	unspecified, using default values
   311  200001                     	org	2097153
   312  200001  FF                 	db	255
   313                           
   314                           ;Config register IDLOC2 @ 0x200002
   315                           ;	unspecified, using default values
   316  200002                     	org	2097154
   317  200002  FF                 	db	255
   318                           
   319                           ;Config register IDLOC3 @ 0x200003
   320                           ;	unspecified, using default values
   321  200003                     	org	2097155
   322  200003  FF                 	db	255
   323                           
   324                           ;Config register IDLOC4 @ 0x200004
   325                           ;	unspecified, using default values
   326  200004                     	org	2097156
   327  200004  FF                 	db	255
   328                           
   329                           ;Config register IDLOC5 @ 0x200005
   330                           ;	unspecified, using default values
   331  200005                     	org	2097157
   332  200005  FF                 	db	255
   333                           
   334                           ;Config register IDLOC6 @ 0x200006
   335                           ;	unspecified, using default values
   336  200006                     	org	2097158
   337  200006  FF                 	db	255
   338                           
   339                           ;Config register IDLOC7 @ 0x200007
   340                           ;	unspecified, using default values
   341  200007                     	org	2097159
   342  200007  FF                 	db	255
   343                           
   344                           	psect	config
   345                           
   346                           ; Padding undefined space
   347  300000                     	org	3145728
   348  300000  FF                 	db	255
   349                           
   350                           ;Config register CONFIG1H @ 0x300001
   351                           ;	Oscillator Selection bits
   352                           ;	OSC = RCIO6, External RC oscillator, port function on RA6
   353                           ;	Fail-Safe Clock Monitor Enable bit
   354                           ;	FCMEN = OFF, Fail-Safe Clock Monitor disabled
   355                           ;	Internal/External Oscillator Switchover bit
   356                           ;	IESO = OFF, Oscillator Switchover mode disabled
   357  300001                     	org	3145729
   358  300001  07                 	db	7
   359                           
   360                           ;Config register CONFIG2L @ 0x300002
   361                           ;	Power-up Timer Enable bit
   362                           ;	PWRT = OFF, PWRT disabled
   363                           ;	Brown-out Reset Enable bits
   364                           ;	BOREN = SBORDIS, Brown-out Reset enabled in hardware only (SBOREN is disabled)
   365                           ;	Brown Out Reset Voltage bits
   366                           ;	BORV = 3, Minimum setting
   367  300002                     	org	3145730
   368  300002  1F                 	db	31
   369                           
   370                           ;Config register CONFIG2H @ 0x300003
   371                           ;	Watchdog Timer Enable bit
   372                           ;	WDT = OFF, WDT disabled (control is placed on the SWDTEN bit)
   373                           ;	Watchdog Timer Postscale Select bits
   374                           ;	WDTPS = 32768, 1:32768
   375  300003                     	org	3145731
   376  300003  1E                 	db	30
   377                           
   378                           ; Padding undefined space
   379  300004                     	org	3145732
   380  300004  FF                 	db	255
   381                           
   382                           ;Config register CONFIG3H @ 0x300005
   383                           ;	CCP2 MUX bit
   384                           ;	CCP2MX = PORTC, CCP2 input/output is multiplexed with RC1
   385                           ;	PORTB A/D Enable bit
   386                           ;	PBADEN = OFF, PORTB<4:0> pins are configured as digital I/O on Reset
   387                           ;	Low-Power Timer1 Oscillator Enable bit
   388                           ;	LPT1OSC = OFF, Timer1 configured for higher power operation
   389                           ;	MCLR Pin Enable bit
   390                           ;	MCLRE = OFF, RE3 input pin enabled; MCLR disabled
   391  300005                     	org	3145733
   392  300005  01                 	db	1
   393                           
   394                           ;Config register CONFIG4L @ 0x300006
   395                           ;	Stack Full/Underflow Reset Enable bit
   396                           ;	STVREN = OFF, Stack full/underflow will not cause Reset
   397                           ;	Single-Supply ICSP Enable bit
   398                           ;	LVP = OFF, Single-Supply ICSP disabled
   399                           ;	Extended Instruction Set Enable bit
   400                           ;	XINST = OFF, Instruction set extension and Indexed Addressing mode disabled (Legacy mo
      +                          de)
   401                           ;	Background Debugger Enable bit
   402                           ;	DEBUG = 0x1, unprogrammed default
   403  300006                     	org	3145734
   404  300006  80                 	db	128
   405                           
   406                           ; Padding undefined space
   407  300007                     	org	3145735
   408  300007  FF                 	db	255
   409                           
   410                           ;Config register CONFIG5L @ 0x300008
   411                           ;	Code Protection bit
   412                           ;	CP0 = OFF, Block 0 (000800-001FFFh) not code-protected
   413                           ;	Code Protection bit
   414                           ;	CP1 = OFF, Block 1 (002000-003FFFh) not code-protected
   415                           ;	Code Protection bit
   416                           ;	CP2 = OFF, Block 2 (004000-005FFFh) not code-protected
   417                           ;	Code Protection bit
   418                           ;	CP3 = OFF, Block 3 (006000-007FFFh) not code-protected
   419  300008                     	org	3145736
   420  300008  0F                 	db	15
   421                           
   422                           ;Config register CONFIG5H @ 0x300009
   423                           ;	Boot Block Code Protection bit
   424                           ;	CPB = OFF, Boot block (000000-0007FFh) not code-protected
   425                           ;	Data EEPROM Code Protection bit
   426                           ;	CPD = OFF, Data EEPROM not code-protected
   427  300009                     	org	3145737
   428  300009  C0                 	db	192
   429                           
   430                           ;Config register CONFIG6L @ 0x30000A
   431                           ;	Write Protection bit
   432                           ;	WRT0 = OFF, Block 0 (000800-001FFFh) not write-protected
   433                           ;	Write Protection bit
   434                           ;	WRT1 = OFF, Block 1 (002000-003FFFh) not write-protected
   435                           ;	Write Protection bit
   436                           ;	WRT2 = OFF, Block 2 (004000-005FFFh) not write-protected
   437                           ;	Write Protection bit
   438                           ;	WRT3 = OFF, Block 3 (006000-007FFFh) not write-protected
   439  30000A                     	org	3145738
   440  30000A  0F                 	db	15
   441                           
   442                           ;Config register CONFIG6H @ 0x30000B
   443                           ;	Configuration Register Write Protection bit
   444                           ;	WRTC = OFF, Configuration registers (300000-3000FFh) not write-protected
   445                           ;	Boot Block Write Protection bit
   446                           ;	WRTB = OFF, Boot block (000000-0007FFh) not write-protected
   447                           ;	Data EEPROM Write Protection bit
   448                           ;	WRTD = OFF, Data EEPROM not write-protected
   449  30000B                     	org	3145739
   450  30000B  E0                 	db	224
   451                           
   452                           ;Config register CONFIG7L @ 0x30000C
   453                           ;	Table Read Protection bit
   454                           ;	EBTR0 = OFF, Block 0 (000800-001FFFh) not protected from table reads executed in other
      +                           blocks
   455                           ;	Table Read Protection bit
   456                           ;	EBTR1 = OFF, Block 1 (002000-003FFFh) not protected from table reads executed in other
      +                           blocks
   457                           ;	Table Read Protection bit
   458                           ;	EBTR2 = OFF, Block 2 (004000-005FFFh) not protected from table reads executed in other
      +                           blocks
   459                           ;	Table Read Protection bit
   460                           ;	EBTR3 = OFF, Block 3 (006000-007FFFh) not protected from table reads executed in other
      +                           blocks
   461  30000C                     	org	3145740
   462  30000C  0F                 	db	15
   463                           
   464                           ;Config register CONFIG7H @ 0x30000D
   465                           ;	Boot Block Table Read Protection bit
   466                           ;	EBTRB = OFF, Boot block (000000-0007FFh) not protected from table reads executed in ot
      +                          her blocks
   467  30000D                     	org	3145741
   468  30000D  40                 	db	64
   469                           tosu	equ	0xFFF
   470                           tosh	equ	0xFFE
   471                           tosl	equ	0xFFD
   472                           stkptr	equ	0xFFC
   473                           pclatu	equ	0xFFB
   474                           pclath	equ	0xFFA
   475                           pcl	equ	0xFF9
   476                           tblptru	equ	0xFF8
   477                           tblptrh	equ	0xFF7
   478                           tblptrl	equ	0xFF6
   479                           tablat	equ	0xFF5
   480                           prodh	equ	0xFF4
   481                           prodl	equ	0xFF3
   482                           indf0	equ	0xFEF
   483                           postinc0	equ	0xFEE
   484                           postdec0	equ	0xFED
   485                           preinc0	equ	0xFEC
   486                           plusw0	equ	0xFEB
   487                           fsr0h	equ	0xFEA
   488                           fsr0l	equ	0xFE9
   489                           wreg	equ	0xFE8
   490                           indf1	equ	0xFE7
   491                           postinc1	equ	0xFE6
   492                           postdec1	equ	0xFE5
   493                           preinc1	equ	0xFE4
   494                           plusw1	equ	0xFE3
   495                           fsr1h	equ	0xFE2
   496                           fsr1l	equ	0xFE1
   497                           bsr	equ	0xFE0
   498                           indf2	equ	0xFDF
   499                           postinc2	equ	0xFDE
   500                           postdec2	equ	0xFDD
   501                           preinc2	equ	0xFDC
   502                           plusw2	equ	0xFDB
   503                           fsr2h	equ	0xFDA
   504                           fsr2l	equ	0xFD9
   505                           status	equ	0xFD8

Data Sizes:
    Strings     0
    Constant    0
    Data        0
    BSS         0
    Persistent  0
    Stack       0

Auto Spaces:
    Space          Size  Autos    Used
    COMRAM          126      0       0
    BANK0           128      0       0
    BANK1           256      0       0
    BANK2           256      0       0
    BANK3           256      0       0
    BANK4           256      0       0
    BANK5           256      0       0

Pointer List with Targets:

    None.

Critical Paths under _main in COMRAM

    None.

Critical Paths under _TIM0 in COMRAM

    None.

Critical Paths under _main in BANK0

    None.

Critical Paths under _TIM0 in BANK0

    None.

Critical Paths under _main in BANK1

    None.

Critical Paths under _TIM0 in BANK1

    None.

Critical Paths under _main in BANK2

    None.

Critical Paths under _TIM0 in BANK2

    None.

Critical Paths under _main in BANK3

    None.

Critical Paths under _TIM0 in BANK3

    None.

Critical Paths under _main in BANK4

    None.

Critical Paths under _TIM0 in BANK4

    None.

Critical Paths under _main in BANK5

    None.

Critical Paths under _TIM0 in BANK5

    None.

Call Graph Tables:

 ---------------------------------------------------------------------------------
 (Depth) Function   	        Calls       Base Space   Used Autos Params    Refs
 ---------------------------------------------------------------------------------
 (0) _main                                                 0     0      0       0
               _Timer0_Configuration
 ---------------------------------------------------------------------------------
 (1) _Timer0_Configuration                                 0     0      0       0
 ---------------------------------------------------------------------------------
 Estimated maximum stack depth 1
 ---------------------------------------------------------------------------------
 (Depth) Function   	        Calls       Base Space   Used Autos Params    Refs
 ---------------------------------------------------------------------------------
 (2) _TIM0                                                 0     0      0       0
 ---------------------------------------------------------------------------------
 Estimated maximum stack depth 2
 ---------------------------------------------------------------------------------

 Call Graph Graphs:

 _main (ROOT)
   _Timer0_Configuration

 _TIM0 (ROOT)

 Address spaces:
Name               Size   Autos  Total    Cost      Usage
BITCOMRAM           7E      0       0       0        0.0%
EEDATA             100      0       0       0        0.0%
NULL                 0      0       0       0        0.0%
CODE                 0      0       0       0        0.0%
COMRAM              7E      0       0       1        0.0%
STACK                0      0       0       2        0.0%
DATA                 0      0       0       3        0.0%
BITBANK0            80      0       0       4        0.0%
BANK0               80      0       0       5        0.0%
BITBANK1           100      0       0       6        0.0%
BANK1              100      0       0       7        0.0%
BITBANK2           100      0       0       8        0.0%
BANK2              100      0       0       9        0.0%
BITBANK3           100      0       0      10        0.0%
BANK3              100      0       0      11        0.0%
BITBANK4           100      0       0      12        0.0%
BANK4              100      0       0      13        0.0%
BANK5              100      0       0      14        0.0%
ABS                  0      0       0      15        0.0%
BITBANK5           100      0       0      16        0.0%
BIGRAM             5FF      0       0      17        0.0%
BITSFR               0      0       0     200        0.0%
SFR                  0      0       0     200        0.0%


Microchip Technology PIC18 Macro Assembler V2.32 build 20210201212658 
Symbol Table                                                                                   Thu Apr 08 01:33:10 2021

                           l21 0068                             l22 0068                             l27 005A  
                          l711 0048                            l721 0052                            l713 004A  
                          l715 004C                            l723 005C                            l717 004E  
                          l709 003C                            l725 0064                            l719 0050  
                          wreg 000FE8                           i2l33 0038                           _TIM0 0008  
                         _TMR0 000FD6                           _main 005C                           btemp 0001  
                         start 000E                   ___param_bank 000000         ??_Timer0_Configuration 0000  
                        ?_TIM0 0000                          ?_main 0000                          _T0CON 000FD5  
                        i2l731 002E                          i2l733 0036                          i2l727 0014  
                        i2l729 002C                          _PORTB 000F81                          _TRISB 000F93  
                        ttemp5 0002                          ttemp6 0005                          ttemp7 0009  
                        wtemp8 0002                   __end_of_TIM0 003C                __initialization 0070  
                 __end_of_main 0070                         ??_TIM0 0000                         ??_main 0000  
                __activetblptr 000000                         _INTCON 000FF2                         i2u1_40 002C  
                       i2u1_41 0028                         isa$std 000001                     __accesstop 0080  
      __end_of__initialization 0070                  ___rparam_used 000001                 __pcstackCOMRAM 0000  
                      __Hparam 0000                        __Lparam 0000  __size_of_Timer0_Configuration 0020  
                      __pcinit 0070                        __ramtop 0600                        __ptext0 005C  
                      __ptext1 003C                      _T0CONbits 000FD5                 __pintcode_body 0012  
         end_of_initialization 0070                        int_func 0012            start_initialization 0070  
                    __pintcode 0008   __end_of_Timer0_Configuration 005C                       __Hrparam 0000  
                     __Lrparam 0000                  __size_of_TIM0 0034                  __size_of_main 0014  
                     isa$xinst 000000                       int$flags 0001           _Timer0_Configuration 003C  
                   _INTCONbits 000FF2                       intlevel2 0000          ?_Timer0_Configuration 0000  
