

Microchip MPLAB XC8 Assembler V2.32 build 20210201212658 
                                                                                               Fri Apr 09 01:42:51 2021

Microchip MPLAB XC8 C Compiler v2.32 (Free license) build 20210201212658 Og1 
     1                           	processor	18F4520
     2                           	fnconf	rparam,??,?,0
     3                           	pagewidth 120
     4                           	opt	flic
     5                           	psect	cinit,global,reloc=2,class=CODE,delta=1
     6                           	psect	cstackCOMRAM,global,class=COMRAM,space=1,delta=1,lowdata,noexec
     7                           	psect	text0,global,reloc=2,class=CODE,delta=1
     8                           	psect	text1,global,reloc=2,class=CODE,delta=1
     9                           	psect	text2,global,reloc=2,class=CODE,delta=1
    10                           	psect	intsave_regs,global,class=BIGRAM,space=1,delta=1,noexec
    11                           	psect	rparam,global,class=COMRAM,space=1,delta=1,noexec
    12                           	psect	idloc,global,abs,ovrld,class=IDLOC,space=5,delta=1,noexec
    13                           	psect	config,global,abs,ovrld,class=CONFIG,space=4,delta=1,noexec
    14  0000                     
    15                           ; Version 2.20
    16                           ; Generated 12/02/2020 GMT
    17                           ; 
    18                           ; Copyright © 2020, Microchip Technology Inc. and its subsidiaries ("Microchip")
    19                           ; All rights reserved.
    20                           ; 
    21                           ; This software is developed by Microchip Technology Inc. and its subsidiaries ("Microch
      +                          ip").
    22                           ; 
    23                           ; Redistribution and use in source and binary forms, with or without modification, are
    24                           ; permitted provided that the following conditions are met:
    25                           ; 
    26                           ;     1. Redistributions of source code must retain the above copyright notice, this lis
      +                          t of
    27                           ;        conditions and the following disclaimer.
    28                           ; 
    29                           ;     2. Redistributions in binary form must reproduce the above copyright notice, this 
      +                          list
    30                           ;        of conditions and the following disclaimer in the documentation and/or other
    31                           ;        materials provided with the distribution.
    32                           ; 
    33                           ;     3. Microchip's name may not be used to endorse or promote products derived from th
      +                          is
    34                           ;        software without specific prior written permission.
    35                           ; 
    36                           ; THIS SOFTWARE IS PROVIDED BY MICROCHIP "AS IS" AND ANY EXPRESS OR IMPLIED WARRANTIES,
    37                           ; INCLUDING, BUT NOT LIMITED TO, THE IMPLIED WARRANTIES OF MERCHANTABILITY AND FITNESS F
      +                          OR
    38                           ; PURPOSE ARE DISCLAIMED.  IN NO EVENT SHALL MICROCHIP BE LIABLE FOR ANY DIRECT, INDIREC
      +                          T,
    39                           ; INCIDENTAL, SPECIAL, EXEMPLARY, OR CONSEQUENTIAL DAMAGES (INCLUDING BUT NOT LIMITED TO
    40                           ; PROCUREMENT OF SUBSTITUTE GOODS OR SERVICES; LOSS OF USE, DATA OR PROFITS; OR BUSINESS
    41                           ; INTERRUPTION) HOWSOEVER CAUSED AND ON ANY THEORY OF LIABILITY, WHETHER IN CONTRACT, ST
      +                          RICT
    42                           ; LIABILITY, OR TORT (INCLUDING NEGLIGENCE OR OTHERWISE) ARISING IN ANY WAY OUT OF THE U
      +                          SE OF
    43                           ; THIS SOFTWARE, EVEN IF ADVISED OF THE POSSIBILITY OF SUCH DAMAGE.
    44                           ; 
    45                           ; 
    46                           ; Code-generator required, PIC18F4520 Definitions
    47                           ; 
    48                           ; SFR Addresses
    49  0000                     _TMR1	set	4046
    50  0000                     _PIR1bits	set	3998
    51  0000                     _T1CONbits	set	4045
    52  0000                     _PORTB	set	3969
    53  0000                     _TRISB	set	3987
    54                           
    55                           ; #config settings
    56                           
    57                           	psect	cinit
    58  007F96                     __pcinit:
    59                           	callstack 0
    60  007F96                     start_initialization:
    61                           	callstack 0
    62  007F96                     __initialization:
    63                           	callstack 0
    64  007F96                     end_of_initialization:
    65                           	callstack 0
    66  007F96                     __end_of__initialization:
    67                           	callstack 0
    68  007F96  0100               	movlb	0
    69  007F98  EFD3  F03F         	goto	_main	;jump to C main() function
    70                           
    71                           	psect	cstackCOMRAM
    72  000001                     __pcstackCOMRAM:
    73                           	callstack 0
    74  000001                     delay_ms@u32value:
    75                           	callstack 0
    76                           
    77                           ; 2 bytes @ 0x0
    78  000001                     	ds	2
    79  000003                     
    80                           ; 1 bytes @ 0x2
    81 ;;
    82 ;;Main: autosize = 0, tempsize = 0, incstack = 0, save=0
    83 ;;
    84 ;; *************** function _main *****************
    85 ;; Defined at:
    86 ;;		line 76 in file "newmain.c"
    87 ;; Parameters:    Size  Location     Type
    88 ;;		None
    89 ;; Auto vars:     Size  Location     Type
    90 ;;		None
    91 ;; Return value:  Size  Location     Type
    92 ;;                  1    wreg      void 
    93 ;; Registers used:
    94 ;;		wreg, status,2, status,0, cstack
    95 ;; Tracked objects:
    96 ;;		On entry : 0/0
    97 ;;		On exit  : 0/0
    98 ;;		Unchanged: 0/0
    99 ;; Data sizes:     COMRAM   BANK0   BANK1   BANK2   BANK3   BANK4   BANK5
   100 ;;      Params:         0       0       0       0       0       0       0
   101 ;;      Locals:         0       0       0       0       0       0       0
   102 ;;      Temps:          0       0       0       0       0       0       0
   103 ;;      Totals:         0       0       0       0       0       0       0
   104 ;;Total ram usage:        0 bytes
   105 ;; Hardware stack levels required when called: 1
   106 ;; This function calls:
   107 ;;		_Timer1_Configuration
   108 ;;		_delay_ms
   109 ;; This function is called by:
   110 ;;		Startup code after reset
   111 ;; This function uses a non-reentrant model
   112 ;;
   113                           
   114                           	psect	text0
   115  007FA6                     __ptext0:
   116                           	callstack 0
   117  007FA6                     _main:
   118                           	callstack 30
   119  007FA6                     
   120                           ;newmain.c: 77:     TRISB = 0;
   121  007FA6  0E00               	movlw	0
   122  007FA8  6E93               	movwf	147,c	;volatile
   123                           
   124                           ;newmain.c: 78:     PORTB = 0;
   125  007FAA  0E00               	movlw	0
   126  007FAC  6E81               	movwf	129,c	;volatile
   127  007FAE                     
   128                           ;newmain.c: 79:     Timer1_Configuration();
   129  007FAE  ECCE  F03F         	call	_Timer1_Configuration	;wreg free
   130  007FB2                     l736:
   131                           
   132                           ;newmain.c: 81:     {;newmain.c: 82:         delay_ms(100);
   133  007FB2  0E00               	movlw	0
   134  007FB4  6E02               	movwf	(delay_ms@u32value+1)^0,c
   135  007FB6  0E64               	movlw	100
   136  007FB8  6E01               	movwf	delay_ms@u32value^0,c
   137  007FBA  ECE4  F03F         	call	_delay_ms	;wreg free
   138  007FBE                     
   139                           ;newmain.c: 83:         PORTB = ~PORTB;
   140  007FBE  1E81               	comf	129,f,c	;volatile
   141  007FC0  EFD9  F03F         	goto	l736
   142  007FC4  EF00  F000         	goto	start
   143  007FC8                     __end_of_main:
   144                           	callstack 0
   145                           
   146 ;; *************** function _delay_ms *****************
   147 ;; Defined at:
   148 ;;		line 98 in file "newmain.c"
   149 ;; Parameters:    Size  Location     Type
   150 ;;  u32value        2    0[COMRAM] unsigned int 
   151 ;; Auto vars:     Size  Location     Type
   152 ;;		None
   153 ;; Return value:  Size  Location     Type
   154 ;;                  2    0[COMRAM] int 
   155 ;; Registers used:
   156 ;;		wreg, status,2, status,0
   157 ;; Tracked objects:
   158 ;;		On entry : 0/0
   159 ;;		On exit  : 0/0
   160 ;;		Unchanged: 0/0
   161 ;; Data sizes:     COMRAM   BANK0   BANK1   BANK2   BANK3   BANK4   BANK5
   162 ;;      Params:         2       0       0       0       0       0       0
   163 ;;      Locals:         0       0       0       0       0       0       0
   164 ;;      Temps:          0       0       0       0       0       0       0
   165 ;;      Totals:         2       0       0       0       0       0       0
   166 ;;Total ram usage:        2 bytes
   167 ;; Hardware stack levels used: 1
   168 ;; This function calls:
   169 ;;		Nothing
   170 ;; This function is called by:
   171 ;;		_main
   172 ;; This function uses a non-reentrant model
   173 ;;
   174                           
   175                           	psect	text1
   176  007FC8                     __ptext1:
   177                           	callstack 0
   178  007FC8                     _delay_ms:
   179                           	callstack 30
   180  007FC8                     
   181                           ;newmain.c: 98: delay_ms(unsigned int u32value);newmain.c: 99: {;newmain.c: 100:     whi
      +                          le (u32value--)
   182  007FC8  EFF2  F03F         	goto	l730
   183  007FCC                     l29:
   184                           
   185                           ;newmain.c: 101:     {;newmain.c: 102:     PIR1bits.TMR1IF = 0;
   186  007FCC  909E               	bcf	158,0,c	;volatile
   187  007FCE                     
   188                           ;newmain.c: 103:     TMR1 = 64287;
   189  007FCE  0EFB               	movlw	251
   190  007FD0  6ECF               	movwf	207,c	;volatile
   191  007FD2  0E1F               	movlw	31
   192  007FD4  6ECE               	movwf	206,c	;volatile
   193  007FD6                     l30:
   194                           
   195                           ;newmain.c: 104:     while (PIR1bits.TMR1IF == 0)
   196  007FD6  A09E               	btfss	158,0,c	;volatile
   197  007FD8  EFF0  F03F         	goto	u31
   198  007FDC  EFF2  F03F         	goto	u30
   199  007FE0                     u31:
   200  007FE0  EFEB  F03F         	goto	l30
   201  007FE4                     u30:
   202  007FE4                     l730:
   203                           
   204                           ;newmain.c: 100:     while (u32value--)
   205  007FE4  0601               	decf	delay_ms@u32value^0,f,c
   206  007FE6  A0D8               	btfss	status,0,c
   207  007FE8  0602               	decf	(delay_ms@u32value+1)^0,f,c
   208  007FEA  2801               	incf	delay_ms@u32value^0,w,c
   209  007FEC  E106               	bnz	u41
   210  007FEE  2802               	incf	(delay_ms@u32value+1)^0,w,c
   211  007FF0  A4D8               	btfss	status,2,c
   212  007FF2  EFFD  F03F         	goto	u41
   213  007FF6  EFFF  F03F         	goto	u40
   214  007FFA                     u41:
   215  007FFA  EFE6  F03F         	goto	l29
   216  007FFE                     u40:
   217  007FFE  0012               	return		;funcret
   218  008000                     __end_of_delay_ms:
   219                           	callstack 0
   220                           
   221 ;; *************** function _Timer1_Configuration *****************
   222 ;; Defined at:
   223 ;;		line 88 in file "newmain.c"
   224 ;; Parameters:    Size  Location     Type
   225 ;;		None
   226 ;; Auto vars:     Size  Location     Type
   227 ;;		None
   228 ;; Return value:  Size  Location     Type
   229 ;;                  1    wreg      void 
   230 ;; Registers used:
   231 ;;		None
   232 ;; Tracked objects:
   233 ;;		On entry : 0/0
   234 ;;		On exit  : 0/0
   235 ;;		Unchanged: 0/0
   236 ;; Data sizes:     COMRAM   BANK0   BANK1   BANK2   BANK3   BANK4   BANK5
   237 ;;      Params:         0       0       0       0       0       0       0
   238 ;;      Locals:         0       0       0       0       0       0       0
   239 ;;      Temps:          0       0       0       0       0       0       0
   240 ;;      Totals:         0       0       0       0       0       0       0
   241 ;;Total ram usage:        0 bytes
   242 ;; Hardware stack levels used: 1
   243 ;; This function calls:
   244 ;;		Nothing
   245 ;; This function is called by:
   246 ;;		_main
   247 ;; This function uses a non-reentrant model
   248 ;;
   249                           
   250                           	psect	text2
   251  007F9C                     __ptext2:
   252                           	callstack 0
   253  007F9C                     _Timer1_Configuration:
   254                           	callstack 30
   255  007F9C                     
   256                           ;newmain.c: 90:     T1CONbits.TMR1ON = 1;
   257  007F9C  80CD               	bsf	205,0,c	;volatile
   258                           
   259                           ;newmain.c: 91:     T1CONbits.TMR1CS = 0;
   260  007F9E  92CD               	bcf	205,1,c	;volatile
   261                           
   262                           ;newmain.c: 93:     T1CONbits.T1CKPS0 = 0;
   263  007FA0  98CD               	bcf	205,4,c	;volatile
   264                           
   265                           ;newmain.c: 94:     T1CONbits.T1CKPS1 = 1;
   266  007FA2  8ACD               	bsf	205,5,c	;volatile
   267  007FA4  0012               	return		;funcret
   268  007FA6                     __end_of_Timer1_Configuration:
   269                           	callstack 0
   270  0000                     
   271                           	psect	rparam
   272  0000                     
   273                           	psect	idloc
   274                           
   275                           ;Config register IDLOC0 @ 0x200000
   276                           ;	unspecified, using default values
   277  200000                     	org	2097152
   278  200000  FF                 	db	255
   279                           
   280                           ;Config register IDLOC1 @ 0x200001
   281                           ;	unspecified, using default values
   282  200001                     	org	2097153
   283  200001  FF                 	db	255
   284                           
   285                           ;Config register IDLOC2 @ 0x200002
   286                           ;	unspecified, using default values
   287  200002                     	org	2097154
   288  200002  FF                 	db	255
   289                           
   290                           ;Config register IDLOC3 @ 0x200003
   291                           ;	unspecified, using default values
   292  200003                     	org	2097155
   293  200003  FF                 	db	255
   294                           
   295                           ;Config register IDLOC4 @ 0x200004
   296                           ;	unspecified, using default values
   297  200004                     	org	2097156
   298  200004  FF                 	db	255
   299                           
   300                           ;Config register IDLOC5 @ 0x200005
   301                           ;	unspecified, using default values
   302  200005                     	org	2097157
   303  200005  FF                 	db	255
   304                           
   305                           ;Config register IDLOC6 @ 0x200006
   306                           ;	unspecified, using default values
   307  200006                     	org	2097158
   308  200006  FF                 	db	255
   309                           
   310                           ;Config register IDLOC7 @ 0x200007
   311                           ;	unspecified, using default values
   312  200007                     	org	2097159
   313  200007  FF                 	db	255
   314                           
   315                           	psect	config
   316                           
   317                           ; Padding undefined space
   318  300000                     	org	3145728
   319  300000  FF                 	db	255
   320                           
   321                           ;Config register CONFIG1H @ 0x300001
   322                           ;	Oscillator Selection bits
   323                           ;	OSC = RCIO6, External RC oscillator, port function on RA6
   324                           ;	Fail-Safe Clock Monitor Enable bit
   325                           ;	FCMEN = OFF, Fail-Safe Clock Monitor disabled
   326                           ;	Internal/External Oscillator Switchover bit
   327                           ;	IESO = OFF, Oscillator Switchover mode disabled
   328  300001                     	org	3145729
   329  300001  07                 	db	7
   330                           
   331                           ;Config register CONFIG2L @ 0x300002
   332                           ;	Power-up Timer Enable bit
   333                           ;	PWRT = OFF, PWRT disabled
   334                           ;	Brown-out Reset Enable bits
   335                           ;	BOREN = SBORDIS, Brown-out Reset enabled in hardware only (SBOREN is disabled)
   336                           ;	Brown Out Reset Voltage bits
   337                           ;	BORV = 3, Minimum setting
   338  300002                     	org	3145730
   339  300002  1F                 	db	31
   340                           
   341                           ;Config register CONFIG2H @ 0x300003
   342                           ;	Watchdog Timer Enable bit
   343                           ;	WDT = OFF, WDT disabled (control is placed on the SWDTEN bit)
   344                           ;	Watchdog Timer Postscale Select bits
   345                           ;	WDTPS = 32768, 1:32768
   346  300003                     	org	3145731
   347  300003  1E                 	db	30
   348                           
   349                           ; Padding undefined space
   350  300004                     	org	3145732
   351  300004  FF                 	db	255
   352                           
   353                           ;Config register CONFIG3H @ 0x300005
   354                           ;	CCP2 MUX bit
   355                           ;	CCP2MX = PORTC, CCP2 input/output is multiplexed with RC1
   356                           ;	PORTB A/D Enable bit
   357                           ;	PBADEN = OFF, PORTB<4:0> pins are configured as digital I/O on Reset
   358                           ;	Low-Power Timer1 Oscillator Enable bit
   359                           ;	LPT1OSC = OFF, Timer1 configured for higher power operation
   360                           ;	MCLR Pin Enable bit
   361                           ;	MCLRE = OFF, RE3 input pin enabled; MCLR disabled
   362  300005                     	org	3145733
   363  300005  01                 	db	1
   364                           
   365                           ;Config register CONFIG4L @ 0x300006
   366                           ;	Stack Full/Underflow Reset Enable bit
   367                           ;	STVREN = OFF, Stack full/underflow will not cause Reset
   368                           ;	Single-Supply ICSP Enable bit
   369                           ;	LVP = OFF, Single-Supply ICSP disabled
   370                           ;	Extended Instruction Set Enable bit
   371                           ;	XINST = OFF, Instruction set extension and Indexed Addressing mode disabled (Legacy mo
      +                          de)
   372                           ;	Background Debugger Enable bit
   373                           ;	DEBUG = 0x1, unprogrammed default
   374  300006                     	org	3145734
   375  300006  80                 	db	128
   376                           
   377                           ; Padding undefined space
   378  300007                     	org	3145735
   379  300007  FF                 	db	255
   380                           
   381                           ;Config register CONFIG5L @ 0x300008
   382                           ;	Code Protection bit
   383                           ;	CP0 = OFF, Block 0 (000800-001FFFh) not code-protected
   384                           ;	Code Protection bit
   385                           ;	CP1 = OFF, Block 1 (002000-003FFFh) not code-protected
   386                           ;	Code Protection bit
   387                           ;	CP2 = OFF, Block 2 (004000-005FFFh) not code-protected
   388                           ;	Code Protection bit
   389                           ;	CP3 = OFF, Block 3 (006000-007FFFh) not code-protected
   390  300008                     	org	3145736
   391  300008  0F                 	db	15
   392                           
   393                           ;Config register CONFIG5H @ 0x300009
   394                           ;	Boot Block Code Protection bit
   395                           ;	CPB = OFF, Boot block (000000-0007FFh) not code-protected
   396                           ;	Data EEPROM Code Protection bit
   397                           ;	CPD = OFF, Data EEPROM not code-protected
   398  300009                     	org	3145737
   399  300009  C0                 	db	192
   400                           
   401                           ;Config register CONFIG6L @ 0x30000A
   402                           ;	Write Protection bit
   403                           ;	WRT0 = OFF, Block 0 (000800-001FFFh) not write-protected
   404                           ;	Write Protection bit
   405                           ;	WRT1 = OFF, Block 1 (002000-003FFFh) not write-protected
   406                           ;	Write Protection bit
   407                           ;	WRT2 = OFF, Block 2 (004000-005FFFh) not write-protected
   408                           ;	Write Protection bit
   409                           ;	WRT3 = OFF, Block 3 (006000-007FFFh) not write-protected
   410  30000A                     	org	3145738
   411  30000A  0F                 	db	15
   412                           
   413                           ;Config register CONFIG6H @ 0x30000B
   414                           ;	Configuration Register Write Protection bit
   415                           ;	WRTC = OFF, Configuration registers (300000-3000FFh) not write-protected
   416                           ;	Boot Block Write Protection bit
   417                           ;	WRTB = OFF, Boot block (000000-0007FFh) not write-protected
   418                           ;	Data EEPROM Write Protection bit
   419                           ;	WRTD = OFF, Data EEPROM not write-protected
   420  30000B                     	org	3145739
   421  30000B  E0                 	db	224
   422                           
   423                           ;Config register CONFIG7L @ 0x30000C
   424                           ;	Table Read Protection bit
   425                           ;	EBTR0 = OFF, Block 0 (000800-001FFFh) not protected from table reads executed in other
      +                           blocks
   426                           ;	Table Read Protection bit
   427                           ;	EBTR1 = OFF, Block 1 (002000-003FFFh) not protected from table reads executed in other
      +                           blocks
   428                           ;	Table Read Protection bit
   429                           ;	EBTR2 = OFF, Block 2 (004000-005FFFh) not protected from table reads executed in other
      +                           blocks
   430                           ;	Table Read Protection bit
   431                           ;	EBTR3 = OFF, Block 3 (006000-007FFFh) not protected from table reads executed in other
      +                           blocks
   432  30000C                     	org	3145740
   433  30000C  0F                 	db	15
   434                           
   435                           ;Config register CONFIG7H @ 0x30000D
   436                           ;	Boot Block Table Read Protection bit
   437                           ;	EBTRB = OFF, Boot block (000000-0007FFh) not protected from table reads executed in ot
      +                          her blocks
   438  30000D                     	org	3145741
   439  30000D  40                 	db	64
   440                           tosu	equ	0xFFF
   441                           tosh	equ	0xFFE
   442                           tosl	equ	0xFFD
   443                           stkptr	equ	0xFFC
   444                           pclatu	equ	0xFFB
   445                           pclath	equ	0xFFA
   446                           pcl	equ	0xFF9
   447                           tblptru	equ	0xFF8
   448                           tblptrh	equ	0xFF7
   449                           tblptrl	equ	0xFF6
   450                           tablat	equ	0xFF5
   451                           prodh	equ	0xFF4
   452                           prodl	equ	0xFF3
   453                           indf0	equ	0xFEF
   454                           postinc0	equ	0xFEE
   455                           postdec0	equ	0xFED
   456                           preinc0	equ	0xFEC
   457                           plusw0	equ	0xFEB
   458                           fsr0h	equ	0xFEA
   459                           fsr0l	equ	0xFE9
   460                           wreg	equ	0xFE8
   461                           indf1	equ	0xFE7
   462                           postinc1	equ	0xFE6
   463                           postdec1	equ	0xFE5
   464                           preinc1	equ	0xFE4
   465                           plusw1	equ	0xFE3
   466                           fsr1h	equ	0xFE2
   467                           fsr1l	equ	0xFE1
   468                           bsr	equ	0xFE0
   469                           indf2	equ	0xFDF
   470                           postinc2	equ	0xFDE
   471                           postdec2	equ	0xFDD
   472                           preinc2	equ	0xFDC
   473                           plusw2	equ	0xFDB
   474                           fsr2h	equ	0xFDA
   475                           fsr2l	equ	0xFD9
   476                           status	equ	0xFD8

Data Sizes:
    Strings     0
    Constant    0
    Data        0
    BSS         0
    Persistent  0
    Stack       0

Auto Spaces:
    Space          Size  Autos    Used
    COMRAM          127      2       2
    BANK0           128      0       0
    BANK1           256      0       0
    BANK2           256      0       0
    BANK3           256      0       0
    BANK4           256      0       0
    BANK5           256      0       0

Pointer List with Targets:

    None.

Critical Paths under _main in COMRAM

    _main->_delay_ms

Critical Paths under _main in BANK0

    None.

Critical Paths under _main in BANK1

    None.

Critical Paths under _main in BANK2

    None.

Critical Paths under _main in BANK3

    None.

Critical Paths under _main in BANK4

    None.

Critical Paths under _main in BANK5

    None.

Call Graph Tables:

 ---------------------------------------------------------------------------------
 (Depth) Function   	        Calls       Base Space   Used Autos Params    Refs
 ---------------------------------------------------------------------------------
 (0) _main                                                 0     0      0      98
               _Timer1_Configuration
                           _delay_ms
 ---------------------------------------------------------------------------------
 (1) _delay_ms                                             2     0      2      98
                                              0 COMRAM     2     0      2
 ---------------------------------------------------------------------------------
 (1) _Timer1_Configuration                                 0     0      0       0
 ---------------------------------------------------------------------------------
 Estimated maximum stack depth 1
 ---------------------------------------------------------------------------------

 Call Graph Graphs:

 _main (ROOT)
   _Timer1_Configuration
   _delay_ms

 Address spaces:
Name               Size   Autos  Total    Cost      Usage
BITCOMRAM           7F      0       0       0        0.0%
EEDATA             100      0       0       0        0.0%
NULL                 0      0       0       0        0.0%
CODE                 0      0       0       0        0.0%
COMRAM              7F      2       2       1        1.6%
STACK                0      0       0       2        0.0%
DATA                 0      0       0       3        0.0%
BITBANK0            80      0       0       4        0.0%
BANK0               80      0       0       5        0.0%
BITBANK1           100      0       0       6        0.0%
BANK1              100      0       0       7        0.0%
BITBANK2           100      0       0       8        0.0%
BANK2              100      0       0       9        0.0%
BITBANK3           100      0       0      10        0.0%
BANK3              100      0       0      11        0.0%
BITBANK4           100      0       0      12        0.0%
BANK4              100      0       0      13        0.0%
BANK5              100      0       0      14        0.0%
ABS                  0      0       0      15        0.0%
BITBANK5           100      0       0      16        0.0%
BIGRAM             5FF      0       0      17        0.0%
BITSFR               0      0       0     200        0.0%
SFR                  0      0       0     200        0.0%


Microchip Technology PIC18 Macro Assembler V2.32 build 20210201212658 
Symbol Table                                                                                   Fri Apr 09 01:42:51 2021

                           l30 7FD6                             l25 7FA4                             l34 7FFE  
                           l29 7FCC                             u30 7FE4                             u31 7FE0  
                           u40 7FFE                             u41 7FFA                            l710 7F9C  
                          l730 7FE4                            l732 7FA6                            l726 7FC8  
                          l734 7FAE                            l728 7FCE                            l736 7FB2  
                          l738 7FBE                           _TMR1 000FCE                           _main 7FA6  
                         start 0000                   ___param_bank 000000                          ?_main 0001  
                        _PORTB 000F81                          _TRISB 000F93                          status 000FD8  
              __initialization 7F96                   __end_of_main 7FC8           _Timer1_Configuration 7F9C  
                       ??_main 0003                  __activetblptr 000000               __end_of_delay_ms 8000  
        ?_Timer1_Configuration 0001                         isa$std 000001                     __accesstop 0080  
      __end_of__initialization 7F96                  ___rparam_used 000001                 __pcstackCOMRAM 0001  
             delay_ms@u32value 0001         ??_Timer1_Configuration 0001                      ?_delay_ms 0001  
                      __Hparam 0000                        __Lparam 0000                        __pcinit 7F96  
                      __ramtop 0600                        __ptext0 7FA6                        __ptext1 7FC8  
                      __ptext2 7F9C                      _T1CONbits 000FCD                     ??_delay_ms 0003  
         end_of_initialization 7F96            start_initialization 7F96              __size_of_delay_ms 0038  
__size_of_Timer1_Configuration 000A                       _PIR1bits 000F9E                       __Hrparam 0000  
                     __Lrparam 0000                       _delay_ms 7FC8                  __size_of_main 0022  
                     isa$xinst 000000   __end_of_Timer1_Configuration 7FA6  
