

Microchip MPLAB XC8 Assembler V2.32 build 20210201212658 
                                                                                               Fri Apr 23 17:21:55 2021

Microchip MPLAB XC8 C Compiler v2.32 (Free license) build 20210201212658 Og1 
     1                           	processor	18F4520
     2                           	fnconf	rparam,??,?,0
     3                           	pagewidth 120
     4                           	opt	flic
     5                           	psect	cinit,global,reloc=2,class=CODE,delta=1
     6                           	psect	bssCOMRAM,global,class=COMRAM,space=1,delta=1,lowdata,noexec
     7                           	psect	cstackCOMRAM,global,class=COMRAM,space=1,delta=1,lowdata,noexec
     8                           	psect	text0,global,reloc=2,class=CODE,delta=1
     9                           	psect	text1,global,reloc=2,class=CODE,delta=1
    10                           	psect	intcode,global,reloc=2,class=CODE,delta=1
    11                           	psect	intcode_body,global,reloc=2,class=CODE,delta=1
    12                           	psect	intsave_regs,global,class=BIGRAM,space=1,delta=1,noexec
    13                           	psect	rparam,global,class=COMRAM,space=1,delta=1,noexec
    14                           	psect	temp,global,ovrld,common,class=COMRAM,space=1,delta=1
    15                           	psect	idloc,global,abs,ovrld,class=IDLOC,space=5,delta=1,noexec
    16                           	psect	config,global,abs,ovrld,class=CONFIG,space=4,delta=1,noexec
    17  0000                     
    18                           ; Version 2.20
    19                           ; Generated 12/02/2020 GMT
    20                           ; 
    21                           ; Copyright © 2020, Microchip Technology Inc. and its subsidiaries ("Microchip")
    22                           ; All rights reserved.
    23                           ; 
    24                           ; This software is developed by Microchip Technology Inc. and its subsidiaries ("Microch
      +                          ip").
    25                           ; 
    26                           ; Redistribution and use in source and binary forms, with or without modification, are
    27                           ; permitted provided that the following conditions are met:
    28                           ; 
    29                           ;     1. Redistributions of source code must retain the above copyright notice, this lis
      +                          t of
    30                           ;        conditions and the following disclaimer.
    31                           ; 
    32                           ;     2. Redistributions in binary form must reproduce the above copyright notice, this 
      +                          list
    33                           ;        of conditions and the following disclaimer in the documentation and/or other
    34                           ;        materials provided with the distribution.
    35                           ; 
    36                           ;     3. Microchip's name may not be used to endorse or promote products derived from th
      +                          is
    37                           ;        software without specific prior written permission.
    38                           ; 
    39                           ; THIS SOFTWARE IS PROVIDED BY MICROCHIP "AS IS" AND ANY EXPRESS OR IMPLIED WARRANTIES,
    40                           ; INCLUDING, BUT NOT LIMITED TO, THE IMPLIED WARRANTIES OF MERCHANTABILITY AND FITNESS F
      +                          OR
    41                           ; PURPOSE ARE DISCLAIMED.  IN NO EVENT SHALL MICROCHIP BE LIABLE FOR ANY DIRECT, INDIREC
      +                          T,
    42                           ; INCIDENTAL, SPECIAL, EXEMPLARY, OR CONSEQUENTIAL DAMAGES (INCLUDING BUT NOT LIMITED TO
    43                           ; PROCUREMENT OF SUBSTITUTE GOODS OR SERVICES; LOSS OF USE, DATA OR PROFITS; OR BUSINESS
    44                           ; INTERRUPTION) HOWSOEVER CAUSED AND ON ANY THEORY OF LIABILITY, WHETHER IN CONTRACT, ST
      +                          RICT
    45                           ; LIABILITY, OR TORT (INCLUDING NEGLIGENCE OR OTHERWISE) ARISING IN ANY WAY OUT OF THE U
      +                          SE OF
    46                           ; THIS SOFTWARE, EVEN IF ADVISED OF THE POSSIBILITY OF SUCH DAMAGE.
    47                           ; 
    48                           ; 
    49                           ; Code-generator required, PIC18F4520 Definitions
    50                           ; 
    51                           ; SFR Addresses
    52  0000                     _TRISD	set	3989
    53  0000                     _INTCON	set	4082
    54  0000                     _PORTB	set	3969
    55  0000                     _TRISB	set	3987
    56  0000                     _PORTD	set	3971
    57  0000                     _PORTBbits	set	3969
    58  0000                     _INTCONbits	set	4082
    59                           
    60                           ; #config settings
    61                           
    62                           	psect	cinit
    63  000058                     __pcinit:
    64                           	callstack 0
    65  000058                     start_initialization:
    66                           	callstack 0
    67  000058                     __initialization:
    68                           	callstack 0
    69                           
    70                           ; Clear objects allocated to COMRAM (6 bytes)
    71  000058  6A06               	clrf	(__pbssCOMRAM+5)& (0+255),c
    72  00005A  6A05               	clrf	(__pbssCOMRAM+4)& (0+255),c
    73  00005C  6A04               	clrf	(__pbssCOMRAM+3)& (0+255),c
    74  00005E  6A03               	clrf	(__pbssCOMRAM+2)& (0+255),c
    75  000060  6A02               	clrf	(__pbssCOMRAM+1)& (0+255),c
    76  000062  6A01               	clrf	__pbssCOMRAM& (0+255),c
    77  000064                     end_of_initialization:
    78                           	callstack 0
    79  000064                     __end_of__initialization:
    80                           	callstack 0
    81  000064  9007               	bcf	int$flags,0,c	;clear compiler interrupt flag (level 1)
    82  000066  9207               	bcf	int$flags,1,c	;clear compiler interrupt flag (level 2)
    83  000068  0100               	movlb	0
    84  00006A  EF37  F000         	goto	_main	;jump to C main() function
    85                           
    86                           	psect	bssCOMRAM
    87  000001                     __pbssCOMRAM:
    88                           	callstack 0
    89  000001                     _u32TempFrequency:
    90                           	callstack 0
    91  000001                     	ds	4
    92  000005                     _state:
    93                           	callstack 0
    94  000005                     	ds	2
    95                           
    96                           	psect	cstackCOMRAM
    97  000000                     __pcstackCOMRAM:
    98                           	callstack 0
    99  000000                     
   100                           ; 1 bytes @ 0x0
   101 ;;
   102 ;;Main: autosize = 0, tempsize = 0, incstack = 0, save=0
   103 ;;
   104 ;; *************** function _main *****************
   105 ;; Defined at:
   106 ;;		line 106 in file "newmain.c"
   107 ;; Parameters:    Size  Location     Type
   108 ;;		None
   109 ;; Auto vars:     Size  Location     Type
   110 ;;		None
   111 ;; Return value:  Size  Location     Type
   112 ;;                  1    wreg      void 
   113 ;; Registers used:
   114 ;;		wreg, status,2, cstack
   115 ;; Tracked objects:
   116 ;;		On entry : 0/0
   117 ;;		On exit  : 0/0
   118 ;;		Unchanged: 0/0
   119 ;; Data sizes:     COMRAM   BANK0   BANK1   BANK2   BANK3   BANK4   BANK5
   120 ;;      Params:         0       0       0       0       0       0       0
   121 ;;      Locals:         0       0       0       0       0       0       0
   122 ;;      Temps:          0       0       0       0       0       0       0
   123 ;;      Totals:         0       0       0       0       0       0       0
   124 ;;Total ram usage:        0 bytes
   125 ;; Hardware stack levels required when called: 2
   126 ;; This function calls:
   127 ;;		_PortB_INT_Configuration
   128 ;; This function is called by:
   129 ;;		Startup code after reset
   130 ;; This function uses a non-reentrant model
   131 ;;
   132                           
   133                           	psect	text0
   134  00006E                     __ptext0:
   135                           	callstack 0
   136  00006E                     _main:
   137                           	callstack 29
   138  00006E                     
   139                           ;newmain.c: 108:     PortB_INT_Configuration();
   140  00006E  EC41  F000         	call	_PortB_INT_Configuration	;wreg free
   141  000072                     
   142                           ;newmain.c: 109:     TRISD = 0;
   143  000072  0E00               	movlw	0
   144  000074  6E95               	movwf	149,c	;volatile
   145  000076                     
   146                           ;newmain.c: 110:     PORTD = 0;
   147  000076  0E00               	movlw	0
   148  000078  6E83               	movwf	131,c	;volatile
   149  00007A                     l35:
   150  00007A  EF3D  F000         	goto	l35
   151  00007E  EF07  F000         	goto	start
   152  000082                     __end_of_main:
   153                           	callstack 0
   154                           
   155 ;; *************** function _PortB_INT_Configuration *****************
   156 ;; Defined at:
   157 ;;		line 97 in file "newmain.c"
   158 ;; Parameters:    Size  Location     Type
   159 ;;		None
   160 ;; Auto vars:     Size  Location     Type
   161 ;;		None
   162 ;; Return value:  Size  Location     Type
   163 ;;                  1    wreg      void 
   164 ;; Registers used:
   165 ;;		wreg, status,2
   166 ;; Tracked objects:
   167 ;;		On entry : 0/0
   168 ;;		On exit  : 0/0
   169 ;;		Unchanged: 0/0
   170 ;; Data sizes:     COMRAM   BANK0   BANK1   BANK2   BANK3   BANK4   BANK5
   171 ;;      Params:         0       0       0       0       0       0       0
   172 ;;      Locals:         0       0       0       0       0       0       0
   173 ;;      Temps:          0       0       0       0       0       0       0
   174 ;;      Totals:         0       0       0       0       0       0       0
   175 ;;Total ram usage:        0 bytes
   176 ;; Hardware stack levels used: 1
   177 ;; Hardware stack levels required when called: 1
   178 ;; This function calls:
   179 ;;		Nothing
   180 ;; This function is called by:
   181 ;;		_main
   182 ;; This function uses a non-reentrant model
   183 ;;
   184                           
   185                           	psect	text1
   186  000082                     __ptext1:
   187                           	callstack 0
   188  000082                     _PortB_INT_Configuration:
   189                           	callstack 29
   190  000082                     
   191                           ;newmain.c: 99:     TRISB = 0xff;
   192  000082  6893               	setf	147,c	;volatile
   193                           
   194                           ;newmain.c: 100:     PORTB = 0xff;
   195  000084  6881               	setf	129,c	;volatile
   196  000086                     
   197                           ;newmain.c: 101:     INTCON = 0;
   198  000086  0E00               	movlw	0
   199  000088  6EF2               	movwf	242,c	;volatile
   200  00008A                     
   201                           ;newmain.c: 102:     INTCONbits.GIE = 1;
   202  00008A  8EF2               	bsf	242,7,c	;volatile
   203  00008C                     
   204                           ;newmain.c: 103:     INTCONbits.RBIE = 1;
   205  00008C  86F2               	bsf	242,3,c	;volatile
   206  00008E  0012               	return		;funcret
   207  000090                     __end_of_PortB_INT_Configuration:
   208                           	callstack 0
   209                           
   210 ;; *************** function _funtion *****************
   211 ;; Defined at:
   212 ;;		line 77 in file "newmain.c"
   213 ;; Parameters:    Size  Location     Type
   214 ;;		None
   215 ;; Auto vars:     Size  Location     Type
   216 ;;		None
   217 ;; Return value:  Size  Location     Type
   218 ;;                  1    wreg      void 
   219 ;; Registers used:
   220 ;;		status,2, status,0
   221 ;; Tracked objects:
   222 ;;		On entry : 0/0
   223 ;;		On exit  : 0/0
   224 ;;		Unchanged: 0/0
   225 ;; Data sizes:     COMRAM   BANK0   BANK1   BANK2   BANK3   BANK4   BANK5
   226 ;;      Params:         0       0       0       0       0       0       0
   227 ;;      Locals:         0       0       0       0       0       0       0
   228 ;;      Temps:          0       0       0       0       0       0       0
   229 ;;      Totals:         0       0       0       0       0       0       0
   230 ;;Total ram usage:        0 bytes
   231 ;; Hardware stack levels used: 1
   232 ;; This function calls:
   233 ;;		Nothing
   234 ;; This function is called by:
   235 ;;		Interrupt level 2
   236 ;; This function uses a non-reentrant model
   237 ;;
   238                           
   239                           	psect	intcode
   240  000008                     __pintcode:
   241                           	callstack 0
   242  000008                     _funtion:
   243                           	callstack 29
   244                           
   245                           ;incstack = 0
   246  000008  8207               	bsf	int$flags,1,c	;set compiler interrupt flag (level 2)
   247  00000A  ED09  F000         	call	int_func,f	;refresh shadow registers
   248                           
   249                           	psect	intcode_body
   250  000012                     __pintcode_body:
   251                           	callstack 29
   252  000012                     int_func:
   253                           	callstack 29
   254  000012  0006               	pop		; remove dummy address from shadow register refresh
   255  000014                     
   256                           ;newmain.c: 79:     if (INTCONbits.RBIF == 1)
   257  000014  A0F2               	btfss	242,0,c	;volatile
   258  000016  EF0F  F000         	goto	i2u1_41
   259  00001A  EF11  F000         	goto	i2u1_40
   260  00001E                     i2u1_41:
   261  00001E  EF29  F000         	goto	i2l736
   262  000022                     i2u1_40:
   263  000022                     
   264                           ;newmain.c: 80:     {;newmain.c: 81:         if (PORTBbits.RB4 == 0)
   265  000022  B881               	btfsc	129,4,c	;volatile
   266  000024  EF16  F000         	goto	i2u2_41
   267  000028  EF18  F000         	goto	i2u2_40
   268  00002C                     i2u2_41:
   269  00002C  EF19  F000         	goto	i2l728
   270  000030                     i2u2_40:
   271  000030                     
   272                           ;newmain.c: 82:         {;newmain.c: 83:             PORTD =~PORTD;
   273  000030  1E83               	comf	131,f,c	;volatile
   274  000032                     i2l728:
   275                           
   276                           ;newmain.c: 85:         if (PORTBbits.RB5 == 0)
   277  000032  BA81               	btfsc	129,5,c	;volatile
   278  000034  EF1E  F000         	goto	i2u3_41
   279  000038  EF20  F000         	goto	i2u3_40
   280  00003C                     i2u3_41:
   281  00003C  EF21  F000         	goto	i2l732
   282  000040                     i2u3_40:
   283  000040                     
   284                           ;newmain.c: 86:         {;newmain.c: 87:             PORTD =~PORTD;
   285  000040  1E83               	comf	131,f,c	;volatile
   286  000042                     i2l732:
   287                           
   288                           ;newmain.c: 89:         if (PORTBbits.RB6 == 0)
   289  000042  BC81               	btfsc	129,6,c	;volatile
   290  000044  EF26  F000         	goto	i2u4_41
   291  000048  EF28  F000         	goto	i2u4_40
   292  00004C                     i2u4_41:
   293  00004C  EF29  F000         	goto	i2l736
   294  000050                     i2u4_40:
   295  000050                     
   296                           ;newmain.c: 90:         {;newmain.c: 91:             PORTD =~PORTD;
   297  000050  1E83               	comf	131,f,c	;volatile
   298  000052                     i2l736:
   299                           
   300                           ;newmain.c: 94:     INTCONbits.RBIF = 0;
   301  000052  90F2               	bcf	242,0,c	;volatile
   302  000054  9207               	bcf	int$flags,1,c	;clear compiler interrupt flag (level 2)
   303  000056  0011               	retfie		f
   304  000058                     __end_of_funtion:
   305                           	callstack 0
   306  0000                     
   307                           	psect	rparam
   308  0000                     
   309                           	psect	temp
   310  000007                     btemp:
   311                           	callstack 0
   312  000007                     	ds	1
   313  0000                     int$flags	set	btemp
   314  0000                     wtemp8	set	btemp+1
   315  0000                     ttemp5	set	btemp+1
   316  0000                     ttemp6	set	btemp+4
   317  0000                     ttemp7	set	btemp+8
   318                           
   319                           	psect	idloc
   320                           
   321                           ;Config register IDLOC0 @ 0x200000
   322                           ;	unspecified, using default values
   323  200000                     	org	2097152
   324  200000  FF                 	db	255
   325                           
   326                           ;Config register IDLOC1 @ 0x200001
   327                           ;	unspecified, using default values
   328  200001                     	org	2097153
   329  200001  FF                 	db	255
   330                           
   331                           ;Config register IDLOC2 @ 0x200002
   332                           ;	unspecified, using default values
   333  200002                     	org	2097154
   334  200002  FF                 	db	255
   335                           
   336                           ;Config register IDLOC3 @ 0x200003
   337                           ;	unspecified, using default values
   338  200003                     	org	2097155
   339  200003  FF                 	db	255
   340                           
   341                           ;Config register IDLOC4 @ 0x200004
   342                           ;	unspecified, using default values
   343  200004                     	org	2097156
   344  200004  FF                 	db	255
   345                           
   346                           ;Config register IDLOC5 @ 0x200005
   347                           ;	unspecified, using default values
   348  200005                     	org	2097157
   349  200005  FF                 	db	255
   350                           
   351                           ;Config register IDLOC6 @ 0x200006
   352                           ;	unspecified, using default values
   353  200006                     	org	2097158
   354  200006  FF                 	db	255
   355                           
   356                           ;Config register IDLOC7 @ 0x200007
   357                           ;	unspecified, using default values
   358  200007                     	org	2097159
   359  200007  FF                 	db	255
   360                           
   361                           	psect	config
   362                           
   363                           ; Padding undefined space
   364  300000                     	org	3145728
   365  300000  FF                 	db	255
   366                           
   367                           ;Config register CONFIG1H @ 0x300001
   368                           ;	Oscillator Selection bits
   369                           ;	OSC = RCIO6, External RC oscillator, port function on RA6
   370                           ;	Fail-Safe Clock Monitor Enable bit
   371                           ;	FCMEN = OFF, Fail-Safe Clock Monitor disabled
   372                           ;	Internal/External Oscillator Switchover bit
   373                           ;	IESO = OFF, Oscillator Switchover mode disabled
   374  300001                     	org	3145729
   375  300001  07                 	db	7
   376                           
   377                           ;Config register CONFIG2L @ 0x300002
   378                           ;	Power-up Timer Enable bit
   379                           ;	PWRT = OFF, PWRT disabled
   380                           ;	Brown-out Reset Enable bits
   381                           ;	BOREN = SBORDIS, Brown-out Reset enabled in hardware only (SBOREN is disabled)
   382                           ;	Brown Out Reset Voltage bits
   383                           ;	BORV = 3, Minimum setting
   384  300002                     	org	3145730
   385  300002  1F                 	db	31
   386                           
   387                           ;Config register CONFIG2H @ 0x300003
   388                           ;	Watchdog Timer Enable bit
   389                           ;	WDT = OFF, WDT disabled (control is placed on the SWDTEN bit)
   390                           ;	Watchdog Timer Postscale Select bits
   391                           ;	WDTPS = 32768, 1:32768
   392  300003                     	org	3145731
   393  300003  1E                 	db	30
   394                           
   395                           ; Padding undefined space
   396  300004                     	org	3145732
   397  300004  FF                 	db	255
   398                           
   399                           ;Config register CONFIG3H @ 0x300005
   400                           ;	CCP2 MUX bit
   401                           ;	CCP2MX = PORTC, CCP2 input/output is multiplexed with RC1
   402                           ;	PORTB A/D Enable bit
   403                           ;	PBADEN = OFF, PORTB<4:0> pins are configured as digital I/O on Reset
   404                           ;	Low-Power Timer1 Oscillator Enable bit
   405                           ;	LPT1OSC = OFF, Timer1 configured for higher power operation
   406                           ;	MCLR Pin Enable bit
   407                           ;	MCLRE = OFF, RE3 input pin enabled; MCLR disabled
   408  300005                     	org	3145733
   409  300005  01                 	db	1
   410                           
   411                           ;Config register CONFIG4L @ 0x300006
   412                           ;	Stack Full/Underflow Reset Enable bit
   413                           ;	STVREN = OFF, Stack full/underflow will not cause Reset
   414                           ;	Single-Supply ICSP Enable bit
   415                           ;	LVP = OFF, Single-Supply ICSP disabled
   416                           ;	Extended Instruction Set Enable bit
   417                           ;	XINST = OFF, Instruction set extension and Indexed Addressing mode disabled (Legacy mo
      +                          de)
   418                           ;	Background Debugger Enable bit
   419                           ;	DEBUG = 0x1, unprogrammed default
   420  300006                     	org	3145734
   421  300006  80                 	db	128
   422                           
   423                           ; Padding undefined space
   424  300007                     	org	3145735
   425  300007  FF                 	db	255
   426                           
   427                           ;Config register CONFIG5L @ 0x300008
   428                           ;	Code Protection bit
   429                           ;	CP0 = OFF, Block 0 (000800-001FFFh) not code-protected
   430                           ;	Code Protection bit
   431                           ;	CP1 = OFF, Block 1 (002000-003FFFh) not code-protected
   432                           ;	Code Protection bit
   433                           ;	CP2 = OFF, Block 2 (004000-005FFFh) not code-protected
   434                           ;	Code Protection bit
   435                           ;	CP3 = OFF, Block 3 (006000-007FFFh) not code-protected
   436  300008                     	org	3145736
   437  300008  0F                 	db	15
   438                           
   439                           ;Config register CONFIG5H @ 0x300009
   440                           ;	Boot Block Code Protection bit
   441                           ;	CPB = OFF, Boot block (000000-0007FFh) not code-protected
   442                           ;	Data EEPROM Code Protection bit
   443                           ;	CPD = OFF, Data EEPROM not code-protected
   444  300009                     	org	3145737
   445  300009  C0                 	db	192
   446                           
   447                           ;Config register CONFIG6L @ 0x30000A
   448                           ;	Write Protection bit
   449                           ;	WRT0 = OFF, Block 0 (000800-001FFFh) not write-protected
   450                           ;	Write Protection bit
   451                           ;	WRT1 = OFF, Block 1 (002000-003FFFh) not write-protected
   452                           ;	Write Protection bit
   453                           ;	WRT2 = OFF, Block 2 (004000-005FFFh) not write-protected
   454                           ;	Write Protection bit
   455                           ;	WRT3 = OFF, Block 3 (006000-007FFFh) not write-protected
   456  30000A                     	org	3145738
   457  30000A  0F                 	db	15
   458                           
   459                           ;Config register CONFIG6H @ 0x30000B
   460                           ;	Configuration Register Write Protection bit
   461                           ;	WRTC = OFF, Configuration registers (300000-3000FFh) not write-protected
   462                           ;	Boot Block Write Protection bit
   463                           ;	WRTB = OFF, Boot block (000000-0007FFh) not write-protected
   464                           ;	Data EEPROM Write Protection bit
   465                           ;	WRTD = OFF, Data EEPROM not write-protected
   466  30000B                     	org	3145739
   467  30000B  E0                 	db	224
   468                           
   469                           ;Config register CONFIG7L @ 0x30000C
   470                           ;	Table Read Protection bit
   471                           ;	EBTR0 = OFF, Block 0 (000800-001FFFh) not protected from table reads executed in other
      +                           blocks
   472                           ;	Table Read Protection bit
   473                           ;	EBTR1 = OFF, Block 1 (002000-003FFFh) not protected from table reads executed in other
      +                           blocks
   474                           ;	Table Read Protection bit
   475                           ;	EBTR2 = OFF, Block 2 (004000-005FFFh) not protected from table reads executed in other
      +                           blocks
   476                           ;	Table Read Protection bit
   477                           ;	EBTR3 = OFF, Block 3 (006000-007FFFh) not protected from table reads executed in other
      +                           blocks
   478  30000C                     	org	3145740
   479  30000C  0F                 	db	15
   480                           
   481                           ;Config register CONFIG7H @ 0x30000D
   482                           ;	Boot Block Table Read Protection bit
   483                           ;	EBTRB = OFF, Boot block (000000-0007FFh) not protected from table reads executed in ot
      +                          her blocks
   484  30000D                     	org	3145741
   485  30000D  40                 	db	64
   486                           tosu	equ	0xFFF
   487                           tosh	equ	0xFFE
   488                           tosl	equ	0xFFD
   489                           stkptr	equ	0xFFC
   490                           pclatu	equ	0xFFB
   491                           pclath	equ	0xFFA
   492                           pcl	equ	0xFF9
   493                           tblptru	equ	0xFF8
   494                           tblptrh	equ	0xFF7
   495                           tblptrl	equ	0xFF6
   496                           tablat	equ	0xFF5
   497                           prodh	equ	0xFF4
   498                           prodl	equ	0xFF3
   499                           indf0	equ	0xFEF
   500                           postinc0	equ	0xFEE
   501                           postdec0	equ	0xFED
   502                           preinc0	equ	0xFEC
   503                           plusw0	equ	0xFEB
   504                           fsr0h	equ	0xFEA
   505                           fsr0l	equ	0xFE9
   506                           wreg	equ	0xFE8
   507                           indf1	equ	0xFE7
   508                           postinc1	equ	0xFE6
   509                           postdec1	equ	0xFE5
   510                           preinc1	equ	0xFE4
   511                           plusw1	equ	0xFE3
   512                           fsr1h	equ	0xFE2
   513                           fsr1l	equ	0xFE1
   514                           bsr	equ	0xFE0
   515                           indf2	equ	0xFDF
   516                           postinc2	equ	0xFDE
   517                           postdec2	equ	0xFDD
   518                           preinc2	equ	0xFDC
   519                           plusw2	equ	0xFDB
   520                           fsr2h	equ	0xFDA
   521                           fsr2l	equ	0xFD9
   522                           status	equ	0xFD8

Data Sizes:
    Strings     0
    Constant    0
    Data        0
    BSS         6
    Persistent  0
    Stack       0

Auto Spaces:
    Space          Size  Autos    Used
    COMRAM          126      0       6
    BANK0           128      0       0
    BANK1           256      0       0
    BANK2           256      0       0
    BANK3           256      0       0
    BANK4           256      0       0
    BANK5           256      0       0

Pointer List with Targets:

    None.

Critical Paths under _main in COMRAM

    None.

Critical Paths under _funtion in COMRAM

    None.

Critical Paths under _main in BANK0

    None.

Critical Paths under _funtion in BANK0

    None.

Critical Paths under _main in BANK1

    None.

Critical Paths under _funtion in BANK1

    None.

Critical Paths under _main in BANK2

    None.

Critical Paths under _funtion in BANK2

    None.

Critical Paths under _main in BANK3

    None.

Critical Paths under _funtion in BANK3

    None.

Critical Paths under _main in BANK4

    None.

Critical Paths under _funtion in BANK4

    None.

Critical Paths under _main in BANK5

    None.

Critical Paths under _funtion in BANK5

    None.

Call Graph Tables:

 ---------------------------------------------------------------------------------
 (Depth) Function   	        Calls       Base Space   Used Autos Params    Refs
 ---------------------------------------------------------------------------------
 (0) _main                                                 0     0      0       0
            _PortB_INT_Configuration
 ---------------------------------------------------------------------------------
 (1) _PortB_INT_Configuration                              0     0      0       0
 ---------------------------------------------------------------------------------
 Estimated maximum stack depth 1
 ---------------------------------------------------------------------------------
 (Depth) Function   	        Calls       Base Space   Used Autos Params    Refs
 ---------------------------------------------------------------------------------
 (2) _funtion                                              0     0      0       0
 ---------------------------------------------------------------------------------
 Estimated maximum stack depth 2
 ---------------------------------------------------------------------------------

 Call Graph Graphs:

 _main (ROOT)
   _PortB_INT_Configuration

 _funtion (ROOT)

 Address spaces:
Name               Size   Autos  Total    Cost      Usage
BIGRAM             5FF      0       0      17        0.0%
EEDATA             100      0       0       0        0.0%
BITBANK5           100      0       0      16        0.0%
BANK5              100      0       0      14        0.0%
BITBANK4           100      0       0      12        0.0%
BANK4              100      0       0      13        0.0%
BITBANK3           100      0       0      10        0.0%
BANK3              100      0       0      11        0.0%
BITBANK2           100      0       0       8        0.0%
BANK2              100      0       0       9        0.0%
BITBANK1           100      0       0       6        0.0%
BANK1              100      0       0       7        0.0%
BITBANK0            80      0       0       4        0.0%
BANK0               80      0       0       5        0.0%
BITCOMRAM           7E      0       0       0        0.0%
COMRAM              7E      0       6       1        4.8%
BITSFR               0      0       0     200        0.0%
SFR                  0      0       0     200        0.0%
STACK                0      0       0       2        0.0%
NULL                 0      0       0       0        0.0%
ABS                  0      0       6      15        0.0%
DATA                 0      0       6       3        0.0%
CODE                 0      0       0       0        0.0%


Microchip Technology PIC18 Macro Assembler V2.32 build 20210201212658 
Symbol Table                                                                                   Fri Apr 23 17:21:55 2021

                              l30 008E                                l35 007A  
                              l36 007A                               l720 008C  
                             l714 0082                               l716 0086  
                             l740 0072                               l718 008A  
                             l742 0076                               l738 006E  
                            i2l27 0054                              _main 006E  
                            btemp 0007                              start 000E  
                    ___param_bank 000000                             ?_main 0000  
                           i2l730 0040                             i2l722 0014  
                           i2l732 0042                             i2l724 0022  
                           i2l734 0050                             i2l726 0030  
                           i2l728 0032                             i2l736 0052  
                           _PORTB 000F81                             _PORTD 000F83  
                           _TRISB 000F93                             _TRISD 000F95  
                 __end_of_funtion 0058                             _state 0005  
                           ttemp5 0008                             ttemp6 000B  
                           ttemp7 000F                             wtemp8 0008  
                 __initialization 0058                      __end_of_main 0082  
                          ??_main 0000                     __activetblptr 000000  
                          _INTCON 000FF2                            i2u1_40 0022  
                          i2u1_41 001E                            i2u2_40 0030  
                          i2u2_41 002C                            i2u3_40 0040  
                          i2u3_41 003C                            i2u4_40 0050  
                          i2u4_41 004C                            isa$std 000001  
                       ??_funtion 0000                        __accesstop 0080  
         __end_of__initialization 0064                     ___rparam_used 000001  
                  __pcstackCOMRAM 0000          ?_PortB_INT_Configuration 0000  
                         __Hparam 0000                           __Lparam 0000  
                         __pcinit 0058                           __ramtop 0600  
                         __ptext0 006E                           __ptext1 0082  
                         _funtion 0008   __end_of_PortB_INT_Configuration 0090  
                  __pintcode_body 0012              end_of_initialization 0064  
                         int_func 0012                         _PORTBbits 000F81  
                _u32TempFrequency 0001               start_initialization 0058  
__size_of_PortB_INT_Configuration 000E                       __pbssCOMRAM 0001  
                       __pintcode 0008                          ?_funtion 0000  
                        __Hrparam 0000                          __Lrparam 0000  
         _PortB_INT_Configuration 0082                  __size_of_funtion 0050  
                   __size_of_main 0014                          isa$xinst 000000  
                        int$flags 0007                        _INTCONbits 000FF2  
                        intlevel2 0000         ??_PortB_INT_Configuration 0000  
