

Microchip MPLAB XC8 Assembler V2.32 build 20210201212658 
                                                                                               Sun Apr 04 14:52:17 2021

Microchip MPLAB XC8 C Compiler v2.32 (Free license) build 20210201212658 Og1 
     1                           	processor	18F4520
     2                           	fnconf	rparam,??,?,0
     3                           	pagewidth 120
     4                           	opt	flic
     5                           	psect	idataCOMRAM,global,class=CODE,delta=1,noexec
     6                           	psect	cinit,global,reloc=2,class=CODE,delta=1
     7                           	psect	dataCOMRAM,global,class=COMRAM,space=1,delta=1,lowdata,noexec
     8                           	psect	cstackCOMRAM,global,class=COMRAM,space=1,delta=1,lowdata,noexec
     9                           	psect	text0,global,reloc=2,class=CODE,delta=1
    10                           	psect	intsave_regs,global,class=BIGRAM,space=1,delta=1,noexec
    11                           	psect	rparam,global,class=COMRAM,space=1,delta=1,noexec
    12                           	psect	idloc,global,abs,ovrld,class=IDLOC,space=5,delta=1,noexec
    13                           	psect	config,global,abs,ovrld,class=CONFIG,space=4,delta=1,noexec
    14  0000                     
    15                           ; Version 2.20
    16                           ; Generated 12/02/2020 GMT
    17                           ; 
    18                           ; Copyright © 2020, Microchip Technology Inc. and its subsidiaries ("Microchip")
    19                           ; All rights reserved.
    20                           ; 
    21                           ; This software is developed by Microchip Technology Inc. and its subsidiaries ("Microch
      +                          ip").
    22                           ; 
    23                           ; Redistribution and use in source and binary forms, with or without modification, are
    24                           ; permitted provided that the following conditions are met:
    25                           ; 
    26                           ;     1. Redistributions of source code must retain the above copyright notice, this lis
      +                          t of
    27                           ;        conditions and the following disclaimer.
    28                           ; 
    29                           ;     2. Redistributions in binary form must reproduce the above copyright notice, this 
      +                          list
    30                           ;        of conditions and the following disclaimer in the documentation and/or other
    31                           ;        materials provided with the distribution.
    32                           ; 
    33                           ;     3. Microchip's name may not be used to endorse or promote products derived from th
      +                          is
    34                           ;        software without specific prior written permission.
    35                           ; 
    36                           ; THIS SOFTWARE IS PROVIDED BY MICROCHIP "AS IS" AND ANY EXPRESS OR IMPLIED WARRANTIES,
    37                           ; INCLUDING, BUT NOT LIMITED TO, THE IMPLIED WARRANTIES OF MERCHANTABILITY AND FITNESS F
      +                          OR
    38                           ; PURPOSE ARE DISCLAIMED.  IN NO EVENT SHALL MICROCHIP BE LIABLE FOR ANY DIRECT, INDIREC
      +                          T,
    39                           ; INCIDENTAL, SPECIAL, EXEMPLARY, OR CONSEQUENTIAL DAMAGES (INCLUDING BUT NOT LIMITED TO
    40                           ; PROCUREMENT OF SUBSTITUTE GOODS OR SERVICES; LOSS OF USE, DATA OR PROFITS; OR BUSINESS
    41                           ; INTERRUPTION) HOWSOEVER CAUSED AND ON ANY THEORY OF LIABILITY, WHETHER IN CONTRACT, ST
      +                          RICT
    42                           ; LIABILITY, OR TORT (INCLUDING NEGLIGENCE OR OTHERWISE) ARISING IN ANY WAY OUT OF THE U
      +                          SE OF
    43                           ; THIS SOFTWARE, EVEN IF ADVISED OF THE POSSIBILITY OF SUCH DAMAGE.
    44                           ; 
    45                           ; 
    46                           ; Code-generator required, PIC18F4520 Definitions
    47                           ; 
    48                           ; SFR Addresses
    49  0000                     
    50                           	psect	idataCOMRAM
    51  007FCD                     __pidataCOMRAM:
    52                           	callstack 0
    53                           
    54                           ;initializer for _state
    55  007FCD  FF                 	db	255
    56  0000                     _INTCONbits	set	4082
    57  0000                     _TRISD	set	3989
    58  0000                     _TRISB	set	3987
    59  0000                     _PORTD	set	3971
    60  0000                     _INTEDG0	set	32654
    61                           
    62                           ; #config settings
    63                           
    64                           	psect	cinit
    65  007FCE                     __pcinit:
    66                           	callstack 0
    67  007FCE                     start_initialization:
    68                           	callstack 0
    69  007FCE                     __initialization:
    70                           	callstack 0
    71                           
    72                           ; Initialize objects allocated to COMRAM (1 bytes)
    73                           ; load TBLPTR registers with __pidataCOMRAM
    74  007FCE  0ECD               	movlw	low __pidataCOMRAM
    75  007FD0  6EF6               	movwf	tblptrl,c
    76  007FD2  0E7F               	movlw	high __pidataCOMRAM
    77  007FD4  6EF7               	movwf	tblptrh,c
    78  007FD6  0E00               	movlw	low (__pidataCOMRAM shr (0+16))
    79  007FD8  6EF8               	movwf	tblptru,c
    80  007FDA  0009               	tblrd		*+	;fetch initializer
    81  007FDC  CFF5 F001          	movff	tablat,__pdataCOMRAM
    82  007FE0                     end_of_initialization:
    83                           	callstack 0
    84  007FE0                     __end_of__initialization:
    85                           	callstack 0
    86  007FE0  0100               	movlb	0
    87  007FE2  EFF3  F03F         	goto	_main	;jump to C main() function
    88                           
    89                           	psect	dataCOMRAM
    90  000001                     __pdataCOMRAM:
    91                           	callstack 0
    92  000001                     _state:
    93                           	callstack 0
    94  000001                     	ds	1
    95                           
    96                           	psect	cstackCOMRAM
    97  000000                     __pcstackCOMRAM:
    98                           	callstack 0
    99  000000                     
   100                           ; 1 bytes @ 0x0
   101 ;;
   102 ;;Main: autosize = 0, tempsize = 0, incstack = 0, save=0
   103 ;;
   104 ;; *************** function _main *****************
   105 ;; Defined at:
   106 ;;		line 80 in file "newmain.c"
   107 ;; Parameters:    Size  Location     Type
   108 ;;		None
   109 ;; Auto vars:     Size  Location     Type
   110 ;;		None
   111 ;; Return value:  Size  Location     Type
   112 ;;                  1    wreg      void 
   113 ;; Registers used:
   114 ;;		wreg, status,2
   115 ;; Tracked objects:
   116 ;;		On entry : 0/0
   117 ;;		On exit  : 0/0
   118 ;;		Unchanged: 0/0
   119 ;; Data sizes:     COMRAM   BANK0   BANK1   BANK2   BANK3   BANK4   BANK5
   120 ;;      Params:         0       0       0       0       0       0       0
   121 ;;      Locals:         0       0       0       0       0       0       0
   122 ;;      Temps:          0       0       0       0       0       0       0
   123 ;;      Totals:         0       0       0       0       0       0       0
   124 ;;Total ram usage:        0 bytes
   125 ;; This function calls:
   126 ;;		Nothing
   127 ;; This function is called by:
   128 ;;		Startup code after reset
   129 ;; This function uses a non-reentrant model
   130 ;;
   131                           
   132                           	psect	text0
   133  007FE6                     __ptext0:
   134                           	callstack 0
   135  007FE6                     _main:
   136                           	callstack 31
   137  007FE6                     
   138                           ;newmain.c: 81:     TRISB = 1;
   139  007FE6  0E01               	movlw	1
   140  007FE8  6E93               	movwf	147,c	;volatile
   141                           
   142                           ;newmain.c: 82:     TRISD = 0;
   143  007FEA  0E00               	movlw	0
   144  007FEC  6E95               	movwf	149,c	;volatile
   145                           
   146                           ;newmain.c: 83:     PORTD = 0;
   147  007FEE  0E00               	movlw	0
   148  007FF0  6E83               	movwf	131,c	;volatile
   149  007FF2                     
   150                           ;newmain.c: 84:     INTEDG0 = 1;
   151  007FF2  8CF1               	bsf	4081,6,c	;volatile
   152  007FF4                     
   153                           ;newmain.c: 85:     INTCONbits.INT0E = 1;
   154  007FF4  88F2               	bsf	242,4,c	;volatile
   155  007FF6                     
   156                           ;newmain.c: 86:     INTCONbits.GIE = 1;
   157  007FF6  8EF2               	bsf	242,7,c	;volatile
   158  007FF8                     l20:
   159  007FF8  EFFC  F03F         	goto	l20
   160  007FFC  EF00  F000         	goto	start
   161  008000                     __end_of_main:
   162                           	callstack 0
   163  0000                     
   164                           	psect	rparam
   165  0000                     
   166                           	psect	idloc
   167                           
   168                           ;Config register IDLOC0 @ 0x200000
   169                           ;	unspecified, using default values
   170  200000                     	org	2097152
   171  200000  FF                 	db	255
   172                           
   173                           ;Config register IDLOC1 @ 0x200001
   174                           ;	unspecified, using default values
   175  200001                     	org	2097153
   176  200001  FF                 	db	255
   177                           
   178                           ;Config register IDLOC2 @ 0x200002
   179                           ;	unspecified, using default values
   180  200002                     	org	2097154
   181  200002  FF                 	db	255
   182                           
   183                           ;Config register IDLOC3 @ 0x200003
   184                           ;	unspecified, using default values
   185  200003                     	org	2097155
   186  200003  FF                 	db	255
   187                           
   188                           ;Config register IDLOC4 @ 0x200004
   189                           ;	unspecified, using default values
   190  200004                     	org	2097156
   191  200004  FF                 	db	255
   192                           
   193                           ;Config register IDLOC5 @ 0x200005
   194                           ;	unspecified, using default values
   195  200005                     	org	2097157
   196  200005  FF                 	db	255
   197                           
   198                           ;Config register IDLOC6 @ 0x200006
   199                           ;	unspecified, using default values
   200  200006                     	org	2097158
   201  200006  FF                 	db	255
   202                           
   203                           ;Config register IDLOC7 @ 0x200007
   204                           ;	unspecified, using default values
   205  200007                     	org	2097159
   206  200007  FF                 	db	255
   207                           
   208                           	psect	config
   209                           
   210                           ; Padding undefined space
   211  300000                     	org	3145728
   212  300000  FF                 	db	255
   213                           
   214                           ;Config register CONFIG1H @ 0x300001
   215                           ;	Oscillator Selection bits
   216                           ;	OSC = RCIO6, External RC oscillator, port function on RA6
   217                           ;	Fail-Safe Clock Monitor Enable bit
   218                           ;	FCMEN = OFF, Fail-Safe Clock Monitor disabled
   219                           ;	Internal/External Oscillator Switchover bit
   220                           ;	IESO = OFF, Oscillator Switchover mode disabled
   221  300001                     	org	3145729
   222  300001  07                 	db	7
   223                           
   224                           ;Config register CONFIG2L @ 0x300002
   225                           ;	Power-up Timer Enable bit
   226                           ;	PWRT = OFF, PWRT disabled
   227                           ;	Brown-out Reset Enable bits
   228                           ;	BOREN = OFF, Brown-out Reset disabled in hardware and software
   229                           ;	Brown Out Reset Voltage bits
   230                           ;	BORV = 3, Minimum setting
   231  300002                     	org	3145730
   232  300002  19                 	db	25
   233                           
   234                           ;Config register CONFIG2H @ 0x300003
   235                           ;	Watchdog Timer Enable bit
   236                           ;	WDT = OFF, WDT disabled (control is placed on the SWDTEN bit)
   237                           ;	Watchdog Timer Postscale Select bits
   238                           ;	WDTPS = 32768, 1:32768
   239  300003                     	org	3145731
   240  300003  1E                 	db	30
   241                           
   242                           ; Padding undefined space
   243  300004                     	org	3145732
   244  300004  FF                 	db	255
   245                           
   246                           ;Config register CONFIG3H @ 0x300005
   247                           ;	CCP2 MUX bit
   248                           ;	CCP2MX = PORTC, CCP2 input/output is multiplexed with RC1
   249                           ;	PORTB A/D Enable bit
   250                           ;	PBADEN = OFF, PORTB<4:0> pins are configured as digital I/O on Reset
   251                           ;	Low-Power Timer1 Oscillator Enable bit
   252                           ;	LPT1OSC = OFF, Timer1 configured for higher power operation
   253                           ;	MCLR Pin Enable bit
   254                           ;	MCLRE = OFF, RE3 input pin enabled; MCLR disabled
   255  300005                     	org	3145733
   256  300005  01                 	db	1
   257                           
   258                           ;Config register CONFIG4L @ 0x300006
   259                           ;	Stack Full/Underflow Reset Enable bit
   260                           ;	STVREN = OFF, Stack full/underflow will not cause Reset
   261                           ;	Single-Supply ICSP Enable bit
   262                           ;	LVP = OFF, Single-Supply ICSP disabled
   263                           ;	Extended Instruction Set Enable bit
   264                           ;	XINST = OFF, Instruction set extension and Indexed Addressing mode disabled (Legacy mo
      +                          de)
   265                           ;	Background Debugger Enable bit
   266                           ;	DEBUG = 0x1, unprogrammed default
   267  300006                     	org	3145734
   268  300006  80                 	db	128
   269                           
   270                           ; Padding undefined space
   271  300007                     	org	3145735
   272  300007  FF                 	db	255
   273                           
   274                           ;Config register CONFIG5L @ 0x300008
   275                           ;	Code Protection bit
   276                           ;	CP0 = OFF, Block 0 (000800-001FFFh) not code-protected
   277                           ;	Code Protection bit
   278                           ;	CP1 = OFF, Block 1 (002000-003FFFh) not code-protected
   279                           ;	Code Protection bit
   280                           ;	CP2 = OFF, Block 2 (004000-005FFFh) not code-protected
   281                           ;	Code Protection bit
   282                           ;	CP3 = OFF, Block 3 (006000-007FFFh) not code-protected
   283  300008                     	org	3145736
   284  300008  0F                 	db	15
   285                           
   286                           ;Config register CONFIG5H @ 0x300009
   287                           ;	Boot Block Code Protection bit
   288                           ;	CPB = OFF, Boot block (000000-0007FFh) not code-protected
   289                           ;	Data EEPROM Code Protection bit
   290                           ;	CPD = OFF, Data EEPROM not code-protected
   291  300009                     	org	3145737
   292  300009  C0                 	db	192
   293                           
   294                           ;Config register CONFIG6L @ 0x30000A
   295                           ;	Write Protection bit
   296                           ;	WRT0 = OFF, Block 0 (000800-001FFFh) not write-protected
   297                           ;	Write Protection bit
   298                           ;	WRT1 = OFF, Block 1 (002000-003FFFh) not write-protected
   299                           ;	Write Protection bit
   300                           ;	WRT2 = OFF, Block 2 (004000-005FFFh) not write-protected
   301                           ;	Write Protection bit
   302                           ;	WRT3 = OFF, Block 3 (006000-007FFFh) not write-protected
   303  30000A                     	org	3145738
   304  30000A  0F                 	db	15
   305                           
   306                           ;Config register CONFIG6H @ 0x30000B
   307                           ;	Configuration Register Write Protection bit
   308                           ;	WRTC = OFF, Configuration registers (300000-3000FFh) not write-protected
   309                           ;	Boot Block Write Protection bit
   310                           ;	WRTB = OFF, Boot block (000000-0007FFh) not write-protected
   311                           ;	Data EEPROM Write Protection bit
   312                           ;	WRTD = OFF, Data EEPROM not write-protected
   313  30000B                     	org	3145739
   314  30000B  E0                 	db	224
   315                           
   316                           ;Config register CONFIG7L @ 0x30000C
   317                           ;	Table Read Protection bit
   318                           ;	EBTR0 = OFF, Block 0 (000800-001FFFh) not protected from table reads executed in other
      +                           blocks
   319                           ;	Table Read Protection bit
   320                           ;	EBTR1 = OFF, Block 1 (002000-003FFFh) not protected from table reads executed in other
      +                           blocks
   321                           ;	Table Read Protection bit
   322                           ;	EBTR2 = OFF, Block 2 (004000-005FFFh) not protected from table reads executed in other
      +                           blocks
   323                           ;	Table Read Protection bit
   324                           ;	EBTR3 = OFF, Block 3 (006000-007FFFh) not protected from table reads executed in other
      +                           blocks
   325  30000C                     	org	3145740
   326  30000C  0F                 	db	15
   327                           
   328                           ;Config register CONFIG7H @ 0x30000D
   329                           ;	Boot Block Table Read Protection bit
   330                           ;	EBTRB = OFF, Boot block (000000-0007FFh) not protected from table reads executed in ot
      +                          her blocks
   331  30000D                     	org	3145741
   332  30000D  40                 	db	64
   333                           tosu	equ	0xFFF
   334                           tosh	equ	0xFFE
   335                           tosl	equ	0xFFD
   336                           stkptr	equ	0xFFC
   337                           pclatu	equ	0xFFB
   338                           pclath	equ	0xFFA
   339                           pcl	equ	0xFF9
   340                           tblptru	equ	0xFF8
   341                           tblptrh	equ	0xFF7
   342                           tblptrl	equ	0xFF6
   343                           tablat	equ	0xFF5
   344                           prodh	equ	0xFF4
   345                           prodl	equ	0xFF3
   346                           indf0	equ	0xFEF
   347                           postinc0	equ	0xFEE
   348                           postdec0	equ	0xFED
   349                           preinc0	equ	0xFEC
   350                           plusw0	equ	0xFEB
   351                           fsr0h	equ	0xFEA
   352                           fsr0l	equ	0xFE9
   353                           wreg	equ	0xFE8
   354                           indf1	equ	0xFE7
   355                           postinc1	equ	0xFE6
   356                           postdec1	equ	0xFE5
   357                           preinc1	equ	0xFE4
   358                           plusw1	equ	0xFE3
   359                           fsr1h	equ	0xFE2
   360                           fsr1l	equ	0xFE1
   361                           bsr	equ	0xFE0
   362                           indf2	equ	0xFDF
   363                           postinc2	equ	0xFDE
   364                           postdec2	equ	0xFDD
   365                           preinc2	equ	0xFDC
   366                           plusw2	equ	0xFDB
   367                           fsr2h	equ	0xFDA
   368                           fsr2l	equ	0xFD9
   369                           status	equ	0xFD8

Data Sizes:
    Strings     0
    Constant    0
    Data        1
    BSS         0
    Persistent  0
    Stack       0

Auto Spaces:
    Space          Size  Autos    Used
    COMRAM          127      0       1
    BANK0           128      0       0
    BANK1           256      0       0
    BANK2           256      0       0
    BANK3           256      0       0
    BANK4           256      0       0
    BANK5           256      0       0

Pointer List with Targets:

    None.

Critical Paths under _main in COMRAM

    None.

Critical Paths under _main in BANK0

    None.

Critical Paths under _main in BANK1

    None.

Critical Paths under _main in BANK2

    None.

Critical Paths under _main in BANK3

    None.

Critical Paths under _main in BANK4

    None.

Critical Paths under _main in BANK5

    None.

Call Graph Tables:

 ---------------------------------------------------------------------------------
 (Depth) Function   	        Calls       Base Space   Used Autos Params    Refs
 ---------------------------------------------------------------------------------
 (0) _main                                                 0     0      0       0
 ---------------------------------------------------------------------------------
 Estimated maximum stack depth 0
 ---------------------------------------------------------------------------------

 Call Graph Graphs:

 _main (ROOT)

 Address spaces:
Name               Size   Autos  Total    Cost      Usage
BIGRAM             5FF      0       0      17        0.0%
EEDATA             100      0       0       0        0.0%
BITBANK5           100      0       0      16        0.0%
BANK5              100      0       0      14        0.0%
BITBANK4           100      0       0      12        0.0%
BANK4              100      0       0      13        0.0%
BITBANK3           100      0       0      10        0.0%
BANK3              100      0       0      11        0.0%
BITBANK2           100      0       0       8        0.0%
BANK2              100      0       0       9        0.0%
BITBANK1           100      0       0       6        0.0%
BANK1              100      0       0       7        0.0%
BITBANK0            80      0       0       4        0.0%
BANK0               80      0       0       5        0.0%
BITCOMRAM           7F      0       0       0        0.0%
COMRAM              7F      0       1       1        0.8%
BITSFR               0      0       0     200        0.0%
SFR                  0      0       0     200        0.0%
STACK                0      0       0       2        0.0%
NULL                 0      0       0       0        0.0%
ABS                  0      0       1      15        0.0%
DATA                 0      0       1       3        0.0%
CODE                 0      0       0       0        0.0%


Microchip Technology PIC18 Macro Assembler V2.32 build 20210201212658 
Symbol Table                                                                                   Sun Apr 04 14:52:17 2021

                     l20 7FF8                       l21 7FF8                      l701 7FE6  
                    l703 7FF2                      l705 7FF4                      l707 7FF6  
                   _main 7FE6                     start 0000             ___param_bank 000000  
                  ?_main 0000                    _PORTD 000F83                    _TRISB 000F93  
                  _TRISD 000F95                    _state 0001                    tablat 000FF5  
        __initialization 7FCE             __end_of_main 8000                   ??_main 0000  
          __activetblptr 000000                   isa$std 000001             __pdataCOMRAM 0001  
                 tblptrh 000FF7                   tblptrl 000FF6                   tblptru 000FF8  
             __accesstop 0080  __end_of__initialization 7FE0            ___rparam_used 000001  
         __pcstackCOMRAM 0000                  _INTEDG0 007F8E                  __Hparam 0000  
                __Lparam 0000                  __pcinit 7FCE                  __ramtop 0600  
                __ptext0 7FE6     end_of_initialization 7FE0            __pidataCOMRAM 7FCD  
    start_initialization 7FCE                 __Hrparam 0000                 __Lrparam 0000  
          __size_of_main 001A                 isa$xinst 000000               _INTCONbits 000FF2  
